#
# There is insufficient memory for the Java Runtime Environment to continue.
# Native memory allocation (mmap) failed to map 130023424 bytes for committing reserved memory.
# Possible reasons:
#   The system is out of physical RAM or swap space
#   The process is running with CompressedOops enabled, and the Java Heap may be blocking the growth of the native heap
# Possible solutions:
#   Reduce memory load on the system
#   Increase physical memory or swap space
#   Check if swap backing store is full
#   Decrease Java heap size (-Xmx/-Xms)
#   Decrease number of Java threads
#   Decrease Java thread stack sizes (-Xss)
#   Set larger code cache with -XX:ReservedCodeCacheSize=
# This output file may be truncated or incomplete.
#
#  Out of Memory Error (os_linux.cpp:2647), pid=31095, tid=31100
#
# JRE version:  (9.0+11) (build )
# Java VM: Java HotSpot(TM) 64-Bit Server VM (9.0.4+11, mixed mode, aot, tiered, compressed oops, g1 gc, linux-amd64)
# Core dump will be written. Default location: Core dumps may be processed with "/usr/share/apport/apport %p %s %c %d %P" (or dumping to /home/josip/hw-workspace/hw11-0036500578/core.31095)
#

---------------  S U M M A R Y ------------

Command Line: -Dfile.encoding=UTF-8 hr.fer.zemris.java.hw11.jnotepadpp.JNotepadPP

Host: Intel(R) Core(TM) i5-5200U CPU @ 2.20GHz, 4 cores, 7G, Linux Mint 18.3 Sylvia
Time: Thu May 24 02:05:31 2018 CEST elapsed time: 0 seconds (0d 0h 0m 0s)

---------------  T H R E A D  ---------------

Current thread (0x00007f37d8012000):  JavaThread "Unknown thread" [_thread_in_vm, id=31100, stack(0x00007f37e028d000,0x00007f37e038d000)]

Stack: [0x00007f37e028d000,0x00007f37e038d000],  sp=0x00007f37e038b2c0,  free space=1016k
Native frames: (J=compiled Java code, A=aot compiled Java code, j=interpreted, Vv=VM code, C=native code)
V  [libjvm.so+0xd4c6c2]  VMError::report_and_die(int, char const*, char const*, __va_list_tag*, Thread*, unsigned char*, void*, void*, char const*, int, unsigned long)+0x162
V  [libjvm.so+0xd4d32b]  VMError::report_and_die(Thread*, char const*, int, unsigned long, VMErrorType, char const*, __va_list_tag*)+0x2b
V  [libjvm.so+0x654ac8]  report_vm_out_of_memory(char const*, int, unsigned long, VMErrorType, char const*, ...)+0xd8
V  [libjvm.so+0xb68241]  os::pd_commit_memory_or_exit(char*, unsigned long, unsigned long, bool, char const*)+0x101
V  [libjvm.so+0xb628cd]  os::commit_memory_or_exit(char*, unsigned long, unsigned long, bool, char const*)+0x1d
V  [libjvm.so+0x763492]  G1PageBasedVirtualSpace::commit_preferred_pages(unsigned long, unsigned long)+0x62
V  [libjvm.so+0x7637ae]  G1PageBasedVirtualSpace::commit(unsigned long, unsigned long)+0x11e
V  [libjvm.so+0x766713]  G1RegionsLargerThanCommitSizeMapper::commit_regions(unsigned int, unsigned long, WorkGang*)+0x43
V  [libjvm.so+0x7f760c]  HeapRegionManager::commit_regions(unsigned int, unsigned long, WorkGang*)+0x7c
V  [libjvm.so+0x7f81d4]  HeapRegionManager::make_regions_available(unsigned int, unsigned int, WorkGang*)+0x34
V  [libjvm.so+0x7f86f1]  HeapRegionManager::expand_by(unsigned int, WorkGang*)+0x71
V  [libjvm.so+0x729a87]  G1CollectedHeap::expand(unsigned long, WorkGang*, double*)+0xd7
V  [libjvm.so+0x72c93a]  G1CollectedHeap::initialize()+0x6da
V  [libjvm.so+0xd0beff]  Universe::initialize_heap()+0x2f
V  [libjvm.so+0xd0c476]  universe_init()+0x46
V  [libjvm.so+0x80f267]  init_globals()+0x57
V  [libjvm.so+0xcede6e]  Threads::create_vm(JavaVMInitArgs*, bool*)+0x2ae
V  [libjvm.so+0x8adc4c]  JNI_CreateJavaVM+0x5c
C  [libjli.so+0x3a01]  JavaMain+0x81
C  [libpthread.so.0+0x76ba]  start_thread+0xca


---------------  P R O C E S S  ---------------

Java Threads: ( => current thread )

Other Threads:
  0x00007f37d8029800 GCTaskThread "GC Thread#0" [stack: 0x00007f37dc95b000,0x00007f37dca5b000] [id=31101]
  0x00007f37d802b000 GCTaskThread "GC Thread#1" [stack: 0x00007f37dc85a000,0x00007f37dc95a000] [id=31102]
  0x00007f37d802c800 GCTaskThread "GC Thread#2" [stack: 0x00007f37dc759000,0x00007f37dc859000] [id=31103]
  0x00007f37d802e800 GCTaskThread "GC Thread#3" [stack: 0x00007f37dc658000,0x00007f37dc758000] [id=31104]
  0x00007f37d805d000 ConcurrentGCThread "G1 Main Marker" [stack: 0x00007f37bc7dc000,0x00007f37bc8dc000] [id=31110]
  0x00007f37d805e800 ConcurrentGCThread "G1 Marker#0" [stack: 0x00007f37bc6db000,0x00007f37bc7db000] [id=31111]
  0x00007f37d8035800 ConcurrentGCThread "G1 Refine#0" [stack: 0x00007f37bd942000,0x00007f37bda42000] [id=31108]
  0x00007f37d8034000 ConcurrentGCThread "G1 Refine#1" [stack: 0x00007f37bda43000,0x00007f37bdb43000] [id=31107]
  0x00007f37d8032000 ConcurrentGCThread "G1 Refine#2" [stack: 0x00007f37dc052000,0x00007f37dc152000] [id=31106]
  0x00007f37d8030800 ConcurrentGCThread "G1 Refine#3" [stack: 0x00007f37dc153000,0x00007f37dc253000] [id=31105]
  0x00007f37d8037800 ConcurrentGCThread "G1 Young RemSet Sampling" [stack: 0x00007f37bd841000,0x00007f37bd941000] [id=31109]

=>0x00007f37d8012000 (exited) JavaThread "Unknown thread" [_thread_in_vm, id=31100, stack(0x00007f37e028d000,0x00007f37e038d000)]

Threads with active compile tasks:

VM state:not at safepoint (not fully initialized)

VM Mutex/Monitor currently owned by a thread:  ([mutex/lock_event])
[0x00007f37d800ea50] Heap_lock - owner thread: 0x00007f37d8012000

Heap address: 0x0000000084e00000, size: 1970 MB, Compressed Oops mode: Non-zero based: 0x0000000084e00000
Narrow klass base: 0x0000000000000000, Narrow klass shift: 0

GC Heap History (0 events):
No events

Deoptimization events (0 events):
No events

Classes redefined (0 events):
No events

Internal exceptions (0 events):
No events

Events (0 events):
No events


Dynamic libraries:
00400000-00401000 r-xp 00000000 08:06 2506207                            /usr/lib/jvm/java-9-oracle/bin/java
00600000-00601000 rw-p 00000000 08:06 2506207                            /usr/lib/jvm/java-9-oracle/bin/java
02063000-02084000 rw-p 00000000 00:00 0                                  [heap]
8ca00000-100000000 ---p 00000000 00:00 0 
7f3788000000-7f3788021000 rw-p 00000000 00:00 0 
7f3788021000-7f378c000000 ---p 00000000 00:00 0 
7f378e000000-7f3790000000 rwxp 00000000 00:00 0 
7f3790000000-7f3790021000 rw-p 00000000 00:00 0 
7f3790021000-7f3794000000 ---p 00000000 00:00 0 
7f3794071000-7f3794270000 rw-p 00000000 00:00 0 
7f3794270000-7f3798000000 ---p 00000000 00:00 0 
7f3798000000-7f3798021000 rw-p 00000000 00:00 0 
7f3798021000-7f379c000000 ---p 00000000 00:00 0 
7f379c000000-7f379c021000 rw-p 00000000 00:00 0 
7f379c021000-7f37a0000000 ---p 00000000 00:00 0 
7f37a0000000-7f37a0021000 rw-p 00000000 00:00 0 
7f37a0021000-7f37a4000000 ---p 00000000 00:00 0 
7f37a4000000-7f37a4021000 rw-p 00000000 00:00 0 
7f37a4021000-7f37a8000000 ---p 00000000 00:00 0 
7f37a8000000-7f37a8021000 rw-p 00000000 00:00 0 
7f37a8021000-7f37ac000000 ---p 00000000 00:00 0 
7f37ac000000-7f37ac021000 rw-p 00000000 00:00 0 
7f37ac021000-7f37b0000000 ---p 00000000 00:00 0 
7f37b0000000-7f37b0021000 rw-p 00000000 00:00 0 
7f37b0021000-7f37b4000000 ---p 00000000 00:00 0 
7f37b4000000-7f37b4021000 rw-p 00000000 00:00 0 
7f37b4021000-7f37b8000000 ---p 00000000 00:00 0 
7f37b8000000-7f37b8021000 rw-p 00000000 00:00 0 
7f37b8021000-7f37bc000000 ---p 00000000 00:00 0 
7f37bc1a7000-7f37bc6da000 rw-p 00000000 00:00 0 
7f37bc6da000-7f37bc6db000 ---p 00000000 00:00 0 
7f37bc6db000-7f37bc7db000 rw-p 00000000 00:00 0 
7f37bc7db000-7f37bc7dc000 ---p 00000000 00:00 0 
7f37bc7dc000-7f37bc8dc000 rw-p 00000000 00:00 0 
7f37bc8dc000-7f37bd840000 ---p 00000000 00:00 0 
7f37bd840000-7f37bd841000 ---p 00000000 00:00 0 
7f37bd841000-7f37bd941000 rw-p 00000000 00:00 0 
7f37bd941000-7f37bd942000 ---p 00000000 00:00 0 
7f37bd942000-7f37bda42000 rw-p 00000000 00:00 0 
7f37bda42000-7f37bda43000 ---p 00000000 00:00 0 
7f37bda43000-7f37bdb43000 rw-p 00000000 00:00 0 
7f37bdb43000-7f37bddb3000 rwxp 00000000 00:00 0 
7f37bddb3000-7f37be0d3000 ---p 00000000 00:00 0 
7f37be0d3000-7f37be343000 rwxp 00000000 00:00 0 
7f37be343000-7f37c560b000 ---p 00000000 00:00 0 
7f37c560b000-7f37c587b000 rwxp 00000000 00:00 0 
7f37c587b000-7f37ccb43000 ---p 00000000 00:00 0 
7f37ccb43000-7f37d8000000 r--s 00000000 08:06 2506301                    /usr/lib/jvm/java-9-oracle/lib/modules
7f37d8000000-7f37d8079000 rw-p 00000000 00:00 0 
7f37d8079000-7f37dc000000 ---p 00000000 00:00 0 
7f37dc051000-7f37dc052000 ---p 00000000 00:00 0 
7f37dc052000-7f37dc152000 rw-p 00000000 00:00 0 
7f37dc152000-7f37dc153000 ---p 00000000 00:00 0 
7f37dc153000-7f37dc657000 rw-p 00000000 00:00 0 
7f37dc657000-7f37dc658000 ---p 00000000 00:00 0 
7f37dc658000-7f37dc758000 rw-p 00000000 00:00 0 
7f37dc758000-7f37dc759000 ---p 00000000 00:00 0 
7f37dc759000-7f37dc859000 rw-p 00000000 00:00 0 
7f37dc859000-7f37dc85a000 ---p 00000000 00:00 0 
7f37dc85a000-7f37dc95a000 rw-p 00000000 00:00 0 
7f37dc95a000-7f37dc95b000 ---p 00000000 00:00 0 
7f37dc95b000-7f37dca60000 rw-p 00000000 00:00 0 
7f37dca60000-7f37dcb46000 ---p 00000000 00:00 0 
7f37dcb46000-7f37dcb4b000 rw-p 00000000 00:00 0 
7f37dcb4b000-7f37dcc31000 ---p 00000000 00:00 0 
7f37dcc31000-7f37dcc4b000 r-xp 00000000 08:06 2506250                    /usr/lib/jvm/java-9-oracle/lib/libjimage.so
7f37dcc4b000-7f37dce4a000 ---p 0001a000 08:06 2506250                    /usr/lib/jvm/java-9-oracle/lib/libjimage.so
7f37dce4a000-7f37dce4c000 rw-p 00019000 08:06 2506250                    /usr/lib/jvm/java-9-oracle/lib/libjimage.so
7f37dce4c000-7f37dce5e000 rw-p 00000000 00:00 0 
7f37dce5e000-7f37dce65000 r-xp 00000000 08:06 2506328                    /usr/lib/jvm/java-9-oracle/lib/libzip.so
7f37dce65000-7f37dd064000 ---p 00007000 08:06 2506328                    /usr/lib/jvm/java-9-oracle/lib/libzip.so
7f37dd064000-7f37dd065000 rw-p 00006000 08:06 2506328                    /usr/lib/jvm/java-9-oracle/lib/libzip.so
7f37dd065000-7f37dd070000 r-xp 00000000 08:06 1316252                    /lib/x86_64-linux-gnu/libnss_files-2.23.so
7f37dd070000-7f37dd26f000 ---p 0000b000 08:06 1316252                    /lib/x86_64-linux-gnu/libnss_files-2.23.so
7f37dd26f000-7f37dd270000 r--p 0000a000 08:06 1316252                    /lib/x86_64-linux-gnu/libnss_files-2.23.so
7f37dd270000-7f37dd271000 rw-p 0000b000 08:06 1316252                    /lib/x86_64-linux-gnu/libnss_files-2.23.so
7f37dd271000-7f37dd277000 rw-p 00000000 00:00 0 
7f37dd277000-7f37dd282000 r-xp 00000000 08:06 1316256                    /lib/x86_64-linux-gnu/libnss_nis-2.23.so
7f37dd282000-7f37dd481000 ---p 0000b000 08:06 1316256                    /lib/x86_64-linux-gnu/libnss_nis-2.23.so
7f37dd481000-7f37dd482000 r--p 0000a000 08:06 1316256                    /lib/x86_64-linux-gnu/libnss_nis-2.23.so
7f37dd482000-7f37dd483000 rw-p 0000b000 08:06 1316256                    /lib/x86_64-linux-gnu/libnss_nis-2.23.so
7f37dd483000-7f37dd499000 r-xp 00000000 08:06 1310746                    /lib/x86_64-linux-gnu/libnsl-2.23.so
7f37dd499000-7f37dd698000 ---p 00016000 08:06 1310746                    /lib/x86_64-linux-gnu/libnsl-2.23.so
7f37dd698000-7f37dd699000 r--p 00015000 08:06 1310746                    /lib/x86_64-linux-gnu/libnsl-2.23.so
7f37dd699000-7f37dd69a000 rw-p 00016000 08:06 1310746                    /lib/x86_64-linux-gnu/libnsl-2.23.so
7f37dd69a000-7f37dd69c000 rw-p 00000000 00:00 0 
7f37dd69c000-7f37dd6a4000 r-xp 00000000 08:06 1316247                    /lib/x86_64-linux-gnu/libnss_compat-2.23.so
7f37dd6a4000-7f37dd8a3000 ---p 00008000 08:06 1316247                    /lib/x86_64-linux-gnu/libnss_compat-2.23.so
7f37dd8a3000-7f37dd8a4000 r--p 00007000 08:06 1316247                    /lib/x86_64-linux-gnu/libnss_compat-2.23.so
7f37dd8a4000-7f37dd8a5000 rw-p 00008000 08:06 1316247                    /lib/x86_64-linux-gnu/libnss_compat-2.23.so
7f37dd8a5000-7f37dd8d0000 r-xp 00000000 08:06 2506267                    /usr/lib/jvm/java-9-oracle/lib/libjava.so
7f37dd8d0000-7f37ddacf000 ---p 0002b000 08:06 2506267                    /usr/lib/jvm/java-9-oracle/lib/libjava.so
7f37ddacf000-7f37ddad1000 rw-p 0002a000 08:06 2506267                    /usr/lib/jvm/java-9-oracle/lib/libjava.so
7f37ddad1000-7f37ddade000 r-xp 00000000 08:06 2506286                    /usr/lib/jvm/java-9-oracle/lib/libverify.so
7f37ddade000-7f37ddcdd000 ---p 0000d000 08:06 2506286                    /usr/lib/jvm/java-9-oracle/lib/libverify.so
7f37ddcdd000-7f37ddcdf000 rw-p 0000c000 08:06 2506286                    /usr/lib/jvm/java-9-oracle/lib/libverify.so
7f37ddcdf000-7f37ddce6000 r-xp 00000000 08:06 1316257                    /lib/x86_64-linux-gnu/librt-2.23.so
7f37ddce6000-7f37ddee5000 ---p 00007000 08:06 1316257                    /lib/x86_64-linux-gnu/librt-2.23.so
7f37ddee5000-7f37ddee6000 r--p 00006000 08:06 1316257                    /lib/x86_64-linux-gnu/librt-2.23.so
7f37ddee6000-7f37ddee7000 rw-p 00007000 08:06 1316257                    /lib/x86_64-linux-gnu/librt-2.23.so
7f37ddee7000-7f37ddfef000 r-xp 00000000 08:06 1310735                    /lib/x86_64-linux-gnu/libm-2.23.so
7f37ddfef000-7f37de1ee000 ---p 00108000 08:06 1310735                    /lib/x86_64-linux-gnu/libm-2.23.so
7f37de1ee000-7f37de1ef000 r--p 00107000 08:06 1310735                    /lib/x86_64-linux-gnu/libm-2.23.so
7f37de1ef000-7f37de1f0000 rw-p 00108000 08:06 1310735                    /lib/x86_64-linux-gnu/libm-2.23.so
7f37de1f0000-7f37df205000 r-xp 00000000 08:06 3034158                    /usr/lib/jvm/java-9-oracle/lib/server/libjvm.so
7f37df205000-7f37df404000 ---p 01015000 08:06 3034158                    /usr/lib/jvm/java-9-oracle/lib/server/libjvm.so
7f37df404000-7f37df4d5000 r--p 01014000 08:06 3034158                    /usr/lib/jvm/java-9-oracle/lib/server/libjvm.so
7f37df4d5000-7f37df50c000 rw-p 010e5000 08:06 3034158                    /usr/lib/jvm/java-9-oracle/lib/server/libjvm.so
7f37df50c000-7f37df575000 rw-p 00000000 00:00 0 
7f37df575000-7f37df735000 r-xp 00000000 08:06 1316061                    /lib/x86_64-linux-gnu/libc-2.23.so
7f37df735000-7f37df935000 ---p 001c0000 08:06 1316061                    /lib/x86_64-linux-gnu/libc-2.23.so
7f37df935000-7f37df939000 r--p 001c0000 08:06 1316061                    /lib/x86_64-linux-gnu/libc-2.23.so
7f37df939000-7f37df93b000 rw-p 001c4000 08:06 1316061                    /lib/x86_64-linux-gnu/libc-2.23.so
7f37df93b000-7f37df93f000 rw-p 00000000 00:00 0 
7f37df93f000-7f37df942000 r-xp 00000000 08:06 1316241                    /lib/x86_64-linux-gnu/libdl-2.23.so
7f37df942000-7f37dfb41000 ---p 00003000 08:06 1316241                    /lib/x86_64-linux-gnu/libdl-2.23.so
7f37dfb41000-7f37dfb42000 r--p 00002000 08:06 1316241                    /lib/x86_64-linux-gnu/libdl-2.23.so
7f37dfb42000-7f37dfb43000 rw-p 00003000 08:06 1316241                    /lib/x86_64-linux-gnu/libdl-2.23.so
7f37dfb43000-7f37dfb51000 r-xp 00000000 08:06 3289984                    /usr/lib/jvm/java-9-oracle/lib/jli/libjli.so
7f37dfb51000-7f37dfd51000 ---p 0000e000 08:06 3289984                    /usr/lib/jvm/java-9-oracle/lib/jli/libjli.so
7f37dfd51000-7f37dfd52000 rw-p 0000e000 08:06 3289984                    /usr/lib/jvm/java-9-oracle/lib/jli/libjli.so
7f37dfd52000-7f37dfd6a000 r-xp 00000000 08:06 1316060                    /lib/x86_64-linux-gnu/libpthread-2.23.so
7f37dfd6a000-7f37dff69000 ---p 00018000 08:06 1316060                    /lib/x86_64-linux-gnu/libpthread-2.23.so
7f37dff69000-7f37dff6a000 r--p 00017000 08:06 1316060                    /lib/x86_64-linux-gnu/libpthread-2.23.so
7f37dff6a000-7f37dff6b000 rw-p 00018000 08:06 1316060                    /lib/x86_64-linux-gnu/libpthread-2.23.so
7f37dff6b000-7f37dff6f000 rw-p 00000000 00:00 0 
7f37dff6f000-7f37dff88000 r-xp 00000000 08:06 1316130                    /lib/x86_64-linux-gnu/libz.so.1.2.8
7f37dff88000-7f37e0187000 ---p 00019000 08:06 1316130                    /lib/x86_64-linux-gnu/libz.so.1.2.8
7f37e0187000-7f37e0188000 r--p 00018000 08:06 1316130                    /lib/x86_64-linux-gnu/libz.so.1.2.8
7f37e0188000-7f37e0189000 rw-p 00019000 08:06 1316130                    /lib/x86_64-linux-gnu/libz.so.1.2.8
7f37e0189000-7f37e01af000 r-xp 00000000 08:06 1315845                    /lib/x86_64-linux-gnu/ld-2.23.so
7f37e01ce000-7f37e028c000 rw-p 00000000 00:00 0 
7f37e028c000-7f37e0291000 ---p 00000000 00:00 0 
7f37e0291000-7f37e0392000 rw-p 00000000 00:00 0 
7f37e0397000-7f37e039d000 rw-p 00000000 00:00 0 
7f37e039d000-7f37e03a4000 ---p 00000000 00:00 0 
7f37e03a4000-7f37e03ac000 rw-s 00000000 08:06 1186626                    /tmp/hsperfdata_josip/31095
7f37e03ac000-7f37e03ad000 rw-p 00000000 00:00 0 
7f37e03ad000-7f37e03ae000 r--p 00000000 00:00 0 
7f37e03ae000-7f37e03af000 r--p 00025000 08:06 1315845                    /lib/x86_64-linux-gnu/ld-2.23.so
7f37e03af000-7f37e03b0000 rw-p 00026000 08:06 1315845                    /lib/x86_64-linux-gnu/ld-2.23.so
7f37e03b0000-7f37e03b1000 rw-p 00000000 00:00 0 
7ffcca1aa000-7ffcca1cb000 rw-p 00000000 00:00 0                          [stack]
7ffcca1cf000-7ffcca1d2000 r--p 00000000 00:00 0                          [vvar]
7ffcca1d2000-7ffcca1d4000 r-xp 00000000 00:00 0                          [vdso]
ffffffffff600000-ffffffffff601000 r-xp 00000000 00:00 0                  [vsyscall]

VM Arguments:
jvm_args: -Dfile.encoding=UTF-8 
java_command: hr.fer.zemris.java.hw11.jnotepadpp.JNotepadPP
java_class_path (initial): /home/josip/hw-workspace/hw11-0036500578/target/classes
Launcher Type: SUN_STANDARD

Logging:
Log output configuration:
#0: stdout all=warning uptime,level,tags
#1: stderr all=off uptime,level,tags

Environment Variables:
JAVA_HOME=/usr/lib/jvm/java-9-oracle
PATH=/home/josip/bin:/home/josip/.local/bin:/usr/local/sbin:/usr/local/bin:/usr/sbin:/usr/bin:/sbin:/bin:/usr/games:/usr/local/games:/usr/local/apache-maven-3.5.3/bin:/opt/eclipse:/opt/pycharm/bin:/usr/lib/jvm/java-9-oracle/bin:/usr/lib/jvm/java-9-oracle/db/bin
SHELL=/bin/bash
DISPLAY=:0

Signal Handlers:
SIGSEGV: [libjvm.so+0xd4d370], sa_mask[0]=11111111011111111101111111111110, sa_flags=SA_RESTART|SA_SIGINFO
SIGBUS: [libjvm.so+0xd4d370], sa_mask[0]=11111111011111111101111111111110, sa_flags=SA_RESTART|SA_SIGINFO
SIGFPE: [libjvm.so+0xd4d370], sa_mask[0]=11111111011111111101111111111110, sa_flags=SA_RESTART|SA_SIGINFO
SIGPIPE: [libjvm.so+0xb64780], sa_mask[0]=11111111011111111101111111111110, sa_flags=SA_RESTART|SA_SIGINFO
SIGXFSZ: [libjvm.so+0xb64780], sa_mask[0]=11111111011111111101111111111110, sa_flags=SA_RESTART|SA_SIGINFO
SIGILL: [libjvm.so+0xd4d370], sa_mask[0]=11111111011111111101111111111110, sa_flags=SA_RESTART|SA_SIGINFO
SIGUSR2: [libjvm.so+0xb64640], sa_mask[0]=00100000000000000000000000000000, sa_flags=SA_RESTART|SA_SIGINFO
SIGHUP: SIG_DFL, sa_mask[0]=00000000000000000000000000000000, sa_flags=none
SIGINT: SIG_DFL, sa_mask[0]=00000000000000000000000000000000, sa_flags=none
SIGTERM: SIG_DFL, sa_mask[0]=00000000000000000000000000000000, sa_flags=none
SIGQUIT: SIG_DFL, sa_mask[0]=00000000000000000000000000000000, sa_flags=none


---------------  S Y S T E M  ---------------

OS:DISTRIB_ID=LinuxMint
DISTRIB_RELEASE=18.3
DISTRIB_CODENAME=sylvia
DISTRIB_DESCRIPTION="Linux Mint 18.3 Sylvia"
uname:Linux 4.13.0-41-generic #46~16.04.1-Ubuntu SMP Thu May 3 10:06:43 UTC 2018 x86_64
libc:glibc 2.23 NPTL 2.23 
rlimit: STACK 8192k, CORE 0k, NPROC 31022, NOFILE 1048576, AS infinity
load average:1.88 1.70 1.84

/proc/meminfo:
MemTotal:        8066536 kB
MemFree:          114804 kB
MemAvailable:      37828 kB
Buffers:            2536 kB
Cached:           250348 kB
SwapCached:         4360 kB
Active:          6661968 kB
Inactive:         907496 kB
Active(anon):    6637556 kB
Inactive(anon):   869592 kB
Active(file):      24412 kB
Inactive(file):    37904 kB
Unevictable:          32 kB
Mlocked:              32 kB
SwapTotal:       8285180 kB
SwapFree:              0 kB
Dirty:               584 kB
Writeback:             0 kB
AnonPages:       7312608 kB
Mapped:           126116 kB
Shmem:            190540 kB
Slab:             169016 kB
SReclaimable:      55364 kB
SUnreclaim:       113652 kB
KernelStack:       35200 kB
PageTables:        94284 kB
NFS_Unstable:          0 kB
Bounce:                0 kB
WritebackTmp:          0 kB
CommitLimit:    12318448 kB
Committed_AS:   19147684 kB
VmallocTotal:   34359738367 kB
VmallocUsed:           0 kB
VmallocChunk:          0 kB
HardwareCorrupted:     0 kB
AnonHugePages:         0 kB
ShmemHugePages:        0 kB
ShmemPmdMapped:        0 kB
CmaTotal:              0 kB
CmaFree:               0 kB
HugePages_Total:       0
HugePages_Free:        0
HugePages_Rsvd:        0
HugePages_Surp:        0
Hugepagesize:       2048 kB
DirectMap4k:      276712 kB
DirectMap2M:     8009728 kB
DirectMap1G:           0 kB


CPU:total 4 (initial active 4) (2 cores per cpu, 2 threads per core) family 6 model 61 stepping 4, cmov, cx8, fxsr, mmx, sse, sse2, sse3, ssse3, sse4.1, sse4.2, popcnt, avx, avx2, aes, clmul, erms, 3dnowpref, lzcnt, ht, tsc, tscinvbit, bmi1, bmi2, adx, fma
CPU Model and flags from /proc/cpuinfo:
model name	: Intel(R) Core(TM) i5-5200U CPU @ 2.20GHz
flags		: fpu vme de pse tsc msr pae mce cx8 apic sep mtrr pge mca cmov pat pse36 clflush dts acpi mmx fxsr sse sse2 ss ht tm pbe syscall nx pdpe1gb rdtscp lm constant_tsc arch_perfmon pebs bts rep_good nopl xtopology nonstop_tsc cpuid aperfmperf pni pclmulqdq dtes64 monitor ds_cpl vmx est tm2 ssse3 sdbg fma cx16 xtpr pdcm pcid sse4_1 sse4_2 x2apic movbe popcnt aes xsave avx f16c rdrand lahf_lm abm 3dnowprefetch cpuid_fault epb invpcid_single pti retpoline intel_pt tpr_shadow vnmi flexpriority ept vpid fsgsbase tsc_adjust bmi1 avx2 smep bmi2 erms invpcid rdseed adx smap xsaveopt dtherm ida arat pln pts

Memory: 4k page, physical 8066536k(114804k free), swap 8285180k(0k free)

vm_info: Java HotSpot(TM) 64-Bit Server VM (9.0.4+11) for linux-amd64 JRE (9.0.4+11), built on Dec 19 2017 18:12:19 by "mach5one" with gcc 4.9.2

END.
