#
# There is insufficient memory for the Java Runtime Environment to continue.
# Native memory allocation (mmap) failed to map 130023424 bytes for committing reserved memory.
# Possible reasons:
#   The system is out of physical RAM or swap space
#   The process is running with CompressedOops enabled, and the Java Heap may be blocking the growth of the native heap
# Possible solutions:
#   Reduce memory load on the system
#   Increase physical memory or swap space
#   Check if swap backing store is full
#   Decrease Java heap size (-Xmx/-Xms)
#   Decrease number of Java threads
#   Decrease Java thread stack sizes (-Xss)
#   Set larger code cache with -XX:ReservedCodeCacheSize=
# This output file may be truncated or incomplete.
#
#  Out of Memory Error (os_linux.cpp:2647), pid=31063, tid=31065
#
# JRE version:  (9.0+11) (build )
# Java VM: Java HotSpot(TM) 64-Bit Server VM (9.0.4+11, mixed mode, aot, tiered, compressed oops, g1 gc, linux-amd64)
# Core dump will be written. Default location: Core dumps may be processed with "/usr/share/apport/apport %p %s %c %d %P" (or dumping to /home/josip/hw-workspace/hw11-0036500578/core.31063)
#

---------------  S U M M A R Y ------------

Command Line: -Dfile.encoding=UTF-8 hr.fer.zemris.java.hw11.jnotepadpp.JNotepadPP

Host: Intel(R) Core(TM) i5-5200U CPU @ 2.20GHz, 4 cores, 7G, Linux Mint 18.3 Sylvia
Time: Thu May 24 02:05:14 2018 CEST elapsed time: 0 seconds (0d 0h 0m 0s)

---------------  T H R E A D  ---------------

Current thread (0x00007f318c012000):  JavaThread "Unknown thread" [_thread_in_vm, id=31065, stack(0x00007f3194412000,0x00007f3194512000)]

Stack: [0x00007f3194412000,0x00007f3194512000],  sp=0x00007f31945102c0,  free space=1016k
Native frames: (J=compiled Java code, A=aot compiled Java code, j=interpreted, Vv=VM code, C=native code)
V  [libjvm.so+0xd4c6c2]  VMError::report_and_die(int, char const*, char const*, __va_list_tag*, Thread*, unsigned char*, void*, void*, char const*, int, unsigned long)+0x162
V  [libjvm.so+0xd4d32b]  VMError::report_and_die(Thread*, char const*, int, unsigned long, VMErrorType, char const*, __va_list_tag*)+0x2b
V  [libjvm.so+0x654ac8]  report_vm_out_of_memory(char const*, int, unsigned long, VMErrorType, char const*, ...)+0xd8
V  [libjvm.so+0xb68241]  os::pd_commit_memory_or_exit(char*, unsigned long, unsigned long, bool, char const*)+0x101
V  [libjvm.so+0xb628cd]  os::commit_memory_or_exit(char*, unsigned long, unsigned long, bool, char const*)+0x1d
V  [libjvm.so+0x763492]  G1PageBasedVirtualSpace::commit_preferred_pages(unsigned long, unsigned long)+0x62
V  [libjvm.so+0x7637ae]  G1PageBasedVirtualSpace::commit(unsigned long, unsigned long)+0x11e
V  [libjvm.so+0x766713]  G1RegionsLargerThanCommitSizeMapper::commit_regions(unsigned int, unsigned long, WorkGang*)+0x43
V  [libjvm.so+0x7f760c]  HeapRegionManager::commit_regions(unsigned int, unsigned long, WorkGang*)+0x7c
V  [libjvm.so+0x7f81d4]  HeapRegionManager::make_regions_available(unsigned int, unsigned int, WorkGang*)+0x34
V  [libjvm.so+0x7f86f1]  HeapRegionManager::expand_by(unsigned int, WorkGang*)+0x71
V  [libjvm.so+0x729a87]  G1CollectedHeap::expand(unsigned long, WorkGang*, double*)+0xd7
V  [libjvm.so+0x72c93a]  G1CollectedHeap::initialize()+0x6da
V  [libjvm.so+0xd0beff]  Universe::initialize_heap()+0x2f
V  [libjvm.so+0xd0c476]  universe_init()+0x46
V  [libjvm.so+0x80f267]  init_globals()+0x57
V  [libjvm.so+0xcede6e]  Threads::create_vm(JavaVMInitArgs*, bool*)+0x2ae
V  [libjvm.so+0x8adc4c]  JNI_CreateJavaVM+0x5c
C  [libjli.so+0x3a01]  JavaMain+0x81
C  [libpthread.so.0+0x76ba]  start_thread+0xca


---------------  P R O C E S S  ---------------

Java Threads: ( => current thread )

Other Threads:
  0x00007f318c029800 GCTaskThread "GC Thread#0" [stack: 0x00007f3190ae0000,0x00007f3190be0000] [id=31070]
  0x00007f318c02b000 GCTaskThread "GC Thread#1" [stack: 0x00007f31909df000,0x00007f3190adf000] [id=31071]
  0x00007f318c02c800 GCTaskThread "GC Thread#2" [stack: 0x00007f31908de000,0x00007f31909de000] [id=31072]
  0x00007f318c02e800 GCTaskThread "GC Thread#3" [stack: 0x00007f31907dd000,0x00007f31908dd000] [id=31073]
  0x00007f318c05d000 ConcurrentGCThread "G1 Main Marker" [stack: 0x00007f31708dd000,0x00007f31709dd000] [id=31079]
  0x00007f318c05e800 ConcurrentGCThread "G1 Marker#0" [stack: 0x00007f31707dc000,0x00007f31708dc000] [id=31080]
  0x00007f318c035800 ConcurrentGCThread "G1 Refine#0" [stack: 0x00007f3171a43000,0x00007f3171b43000] [id=31077]
  0x00007f318c034000 ConcurrentGCThread "G1 Refine#1" [stack: 0x00007f31900d6000,0x00007f31901d6000] [id=31076]
  0x00007f318c032000 ConcurrentGCThread "G1 Refine#2" [stack: 0x00007f31901d7000,0x00007f31902d7000] [id=31075]
  0x00007f318c030800 ConcurrentGCThread "G1 Refine#3" [stack: 0x00007f31902d8000,0x00007f31903d8000] [id=31074]
  0x00007f318c037800 ConcurrentGCThread "G1 Young RemSet Sampling" [stack: 0x00007f3171942000,0x00007f3171a42000] [id=31078]

=>0x00007f318c012000 (exited) JavaThread "Unknown thread" [_thread_in_vm, id=31065, stack(0x00007f3194412000,0x00007f3194512000)]

Threads with active compile tasks:

VM state:not at safepoint (not fully initialized)

VM Mutex/Monitor currently owned by a thread:  ([mutex/lock_event])
[0x00007f318c00ea50] Heap_lock - owner thread: 0x00007f318c012000

Heap address: 0x0000000084e00000, size: 1970 MB, Compressed Oops mode: Non-zero based: 0x0000000084e00000
Narrow klass base: 0x0000000000000000, Narrow klass shift: 0

GC Heap History (0 events):
No events

Deoptimization events (0 events):
No events

Classes redefined (0 events):
No events

Internal exceptions (0 events):
No events

Events (0 events):
No events


Dynamic libraries:
00400000-00401000 r-xp 00000000 08:06 2506207                            /usr/lib/jvm/java-9-oracle/bin/java
00600000-00601000 rw-p 00000000 08:06 2506207                            /usr/lib/jvm/java-9-oracle/bin/java
00b4d000-00b6e000 rw-p 00000000 00:00 0                                  [heap]
8ca00000-100000000 ---p 00000000 00:00 0 
7f313c000000-7f313c021000 rw-p 00000000 00:00 0 
7f313c021000-7f3140000000 ---p 00000000 00:00 0 
7f3142000000-7f3144000000 rwxp 00000000 00:00 0 
7f3144000000-7f3144021000 rw-p 00000000 00:00 0 
7f3144021000-7f3148000000 ---p 00000000 00:00 0 
7f3148270000-7f314c000000 ---p 00000000 00:00 0 
7f314c000000-7f314c021000 rw-p 00000000 00:00 0 
7f314c021000-7f3150000000 ---p 00000000 00:00 0 
7f3150000000-7f3150021000 rw-p 00000000 00:00 0 
7f3150021000-7f3154000000 ---p 00000000 00:00 0 
7f3154000000-7f3154021000 rw-p 00000000 00:00 0 
7f3154021000-7f3158000000 ---p 00000000 00:00 0 
7f3158000000-7f3158021000 rw-p 00000000 00:00 0 
7f3158021000-7f315c000000 ---p 00000000 00:00 0 
7f315c000000-7f315c021000 rw-p 00000000 00:00 0 
7f315c021000-7f3160000000 ---p 00000000 00:00 0 
7f3160000000-7f3160021000 rw-p 00000000 00:00 0 
7f3160021000-7f3164000000 ---p 00000000 00:00 0 
7f3164000000-7f3164021000 rw-p 00000000 00:00 0 
7f3164021000-7f3168000000 ---p 00000000 00:00 0 
7f3168000000-7f3168021000 rw-p 00000000 00:00 0 
7f3168021000-7f316c000000 ---p 00000000 00:00 0 
7f316c000000-7f316c021000 rw-p 00000000 00:00 0 
7f316c021000-7f3170000000 ---p 00000000 00:00 0 
7f31700a9000-7f31707db000 rw-p 00000000 00:00 0 
7f31707db000-7f31707dc000 ---p 00000000 00:00 0 
7f31707dc000-7f31708dc000 rw-p 00000000 00:00 0 
7f31708dc000-7f31708dd000 ---p 00000000 00:00 0 
7f31708dd000-7f31709dd000 rw-p 00000000 00:00 0 
7f31709dd000-7f3171941000 ---p 00000000 00:00 0 
7f3171941000-7f3171942000 ---p 00000000 00:00 0 
7f3171942000-7f3171a42000 rw-p 00000000 00:00 0 
7f3171a42000-7f3171a43000 ---p 00000000 00:00 0 
7f3171a43000-7f3171b43000 rw-p 00000000 00:00 0 
7f3171b43000-7f3171db3000 rwxp 00000000 00:00 0 
7f3171db3000-7f31720d3000 ---p 00000000 00:00 0 
7f31720d3000-7f3172343000 rwxp 00000000 00:00 0 
7f3172343000-7f317960b000 ---p 00000000 00:00 0 
7f317960b000-7f317987b000 rwxp 00000000 00:00 0 
7f317987b000-7f3180b43000 ---p 00000000 00:00 0 
7f3180b43000-7f318c000000 r--s 00000000 08:06 2506301                    /usr/lib/jvm/java-9-oracle/lib/modules
7f318c000000-7f318c079000 rw-p 00000000 00:00 0 
7f318c079000-7f3190000000 ---p 00000000 00:00 0 
7f31900d5000-7f31900d6000 ---p 00000000 00:00 0 
7f31900d6000-7f31901d6000 rw-p 00000000 00:00 0 
7f31901d6000-7f31901d7000 ---p 00000000 00:00 0 
7f31901d7000-7f31902d7000 rw-p 00000000 00:00 0 
7f31902d7000-7f31902d8000 ---p 00000000 00:00 0 
7f31902d8000-7f31907dc000 rw-p 00000000 00:00 0 
7f31907dc000-7f31907dd000 ---p 00000000 00:00 0 
7f31907dd000-7f31908dd000 rw-p 00000000 00:00 0 
7f31908dd000-7f31908de000 ---p 00000000 00:00 0 
7f31908de000-7f31909de000 rw-p 00000000 00:00 0 
7f31909de000-7f31909df000 ---p 00000000 00:00 0 
7f31909df000-7f3190adf000 rw-p 00000000 00:00 0 
7f3190adf000-7f3190ae0000 ---p 00000000 00:00 0 
7f3190ae0000-7f3190be5000 rw-p 00000000 00:00 0 
7f3190be5000-7f3190ccb000 ---p 00000000 00:00 0 
7f3190ccb000-7f3190cd0000 rw-p 00000000 00:00 0 
7f3190cd0000-7f3190db6000 ---p 00000000 00:00 0 
7f3190db6000-7f3190dd0000 r-xp 00000000 08:06 2506250                    /usr/lib/jvm/java-9-oracle/lib/libjimage.so
7f3190dd0000-7f3190fcf000 ---p 0001a000 08:06 2506250                    /usr/lib/jvm/java-9-oracle/lib/libjimage.so
7f3190fcf000-7f3190fd1000 rw-p 00019000 08:06 2506250                    /usr/lib/jvm/java-9-oracle/lib/libjimage.so
7f3190fd1000-7f3190fe3000 rw-p 00000000 00:00 0 
7f3190fe3000-7f3190fea000 r-xp 00000000 08:06 2506328                    /usr/lib/jvm/java-9-oracle/lib/libzip.so
7f3190fea000-7f31911e9000 ---p 00007000 08:06 2506328                    /usr/lib/jvm/java-9-oracle/lib/libzip.so
7f31911e9000-7f31911ea000 rw-p 00006000 08:06 2506328                    /usr/lib/jvm/java-9-oracle/lib/libzip.so
7f31911ea000-7f31911f5000 r-xp 00000000 08:06 1316252                    /lib/x86_64-linux-gnu/libnss_files-2.23.so
7f31911f5000-7f31913f4000 ---p 0000b000 08:06 1316252                    /lib/x86_64-linux-gnu/libnss_files-2.23.so
7f31913f4000-7f31913f5000 r--p 0000a000 08:06 1316252                    /lib/x86_64-linux-gnu/libnss_files-2.23.so
7f31913f5000-7f31913f6000 rw-p 0000b000 08:06 1316252                    /lib/x86_64-linux-gnu/libnss_files-2.23.so
7f31913f6000-7f31913fc000 rw-p 00000000 00:00 0 
7f31913fc000-7f3191407000 r-xp 00000000 08:06 1316256                    /lib/x86_64-linux-gnu/libnss_nis-2.23.so
7f3191407000-7f3191606000 ---p 0000b000 08:06 1316256                    /lib/x86_64-linux-gnu/libnss_nis-2.23.so
7f3191606000-7f3191607000 r--p 0000a000 08:06 1316256                    /lib/x86_64-linux-gnu/libnss_nis-2.23.so
7f3191607000-7f3191608000 rw-p 0000b000 08:06 1316256                    /lib/x86_64-linux-gnu/libnss_nis-2.23.so
7f3191608000-7f319161e000 r-xp 00000000 08:06 1310746                    /lib/x86_64-linux-gnu/libnsl-2.23.so
7f319161e000-7f319181d000 ---p 00016000 08:06 1310746                    /lib/x86_64-linux-gnu/libnsl-2.23.so
7f319181d000-7f319181e000 r--p 00015000 08:06 1310746                    /lib/x86_64-linux-gnu/libnsl-2.23.so
7f319181e000-7f319181f000 rw-p 00016000 08:06 1310746                    /lib/x86_64-linux-gnu/libnsl-2.23.so
7f319181f000-7f3191821000 rw-p 00000000 00:00 0 
7f3191821000-7f3191829000 r-xp 00000000 08:06 1316247                    /lib/x86_64-linux-gnu/libnss_compat-2.23.so
7f3191829000-7f3191a28000 ---p 00008000 08:06 1316247                    /lib/x86_64-linux-gnu/libnss_compat-2.23.so
7f3191a28000-7f3191a29000 r--p 00007000 08:06 1316247                    /lib/x86_64-linux-gnu/libnss_compat-2.23.so
7f3191a29000-7f3191a2a000 rw-p 00008000 08:06 1316247                    /lib/x86_64-linux-gnu/libnss_compat-2.23.so
7f3191a2a000-7f3191a55000 r-xp 00000000 08:06 2506267                    /usr/lib/jvm/java-9-oracle/lib/libjava.so
7f3191a55000-7f3191c54000 ---p 0002b000 08:06 2506267                    /usr/lib/jvm/java-9-oracle/lib/libjava.so
7f3191c54000-7f3191c56000 rw-p 0002a000 08:06 2506267                    /usr/lib/jvm/java-9-oracle/lib/libjava.so
7f3191c56000-7f3191c63000 r-xp 00000000 08:06 2506286                    /usr/lib/jvm/java-9-oracle/lib/libverify.so
7f3191c63000-7f3191e62000 ---p 0000d000 08:06 2506286                    /usr/lib/jvm/java-9-oracle/lib/libverify.so
7f3191e62000-7f3191e64000 rw-p 0000c000 08:06 2506286                    /usr/lib/jvm/java-9-oracle/lib/libverify.so
7f3191e64000-7f3191e6b000 r-xp 00000000 08:06 1316257                    /lib/x86_64-linux-gnu/librt-2.23.so
7f3191e6b000-7f319206a000 ---p 00007000 08:06 1316257                    /lib/x86_64-linux-gnu/librt-2.23.so
7f319206a000-7f319206b000 r--p 00006000 08:06 1316257                    /lib/x86_64-linux-gnu/librt-2.23.so
7f319206b000-7f319206c000 rw-p 00007000 08:06 1316257                    /lib/x86_64-linux-gnu/librt-2.23.so
7f319206c000-7f3192174000 r-xp 00000000 08:06 1310735                    /lib/x86_64-linux-gnu/libm-2.23.so
7f3192174000-7f3192373000 ---p 00108000 08:06 1310735                    /lib/x86_64-linux-gnu/libm-2.23.so
7f3192373000-7f3192374000 r--p 00107000 08:06 1310735                    /lib/x86_64-linux-gnu/libm-2.23.so
7f3192374000-7f3192375000 rw-p 00108000 08:06 1310735                    /lib/x86_64-linux-gnu/libm-2.23.so
7f3192375000-7f319338a000 r-xp 00000000 08:06 3034158                    /usr/lib/jvm/java-9-oracle/lib/server/libjvm.so
7f319338a000-7f3193589000 ---p 01015000 08:06 3034158                    /usr/lib/jvm/java-9-oracle/lib/server/libjvm.so
7f3193589000-7f319365a000 r--p 01014000 08:06 3034158                    /usr/lib/jvm/java-9-oracle/lib/server/libjvm.so
7f319365a000-7f3193691000 rw-p 010e5000 08:06 3034158                    /usr/lib/jvm/java-9-oracle/lib/server/libjvm.so
7f3193691000-7f31936fa000 rw-p 00000000 00:00 0 
7f31936fa000-7f31938ba000 r-xp 00000000 08:06 1316061                    /lib/x86_64-linux-gnu/libc-2.23.so
7f31938ba000-7f3193aba000 ---p 001c0000 08:06 1316061                    /lib/x86_64-linux-gnu/libc-2.23.so
7f3193aba000-7f3193abe000 r--p 001c0000 08:06 1316061                    /lib/x86_64-linux-gnu/libc-2.23.so
7f3193abe000-7f3193ac0000 rw-p 001c4000 08:06 1316061                    /lib/x86_64-linux-gnu/libc-2.23.so
7f3193ac0000-7f3193ac4000 rw-p 00000000 00:00 0 
7f3193ac4000-7f3193ac7000 r-xp 00000000 08:06 1316241                    /lib/x86_64-linux-gnu/libdl-2.23.so
7f3193ac7000-7f3193cc6000 ---p 00003000 08:06 1316241                    /lib/x86_64-linux-gnu/libdl-2.23.so
7f3193cc6000-7f3193cc7000 r--p 00002000 08:06 1316241                    /lib/x86_64-linux-gnu/libdl-2.23.so
7f3193cc7000-7f3193cc8000 rw-p 00003000 08:06 1316241                    /lib/x86_64-linux-gnu/libdl-2.23.so
7f3193cc8000-7f3193cd6000 r-xp 00000000 08:06 3289984                    /usr/lib/jvm/java-9-oracle/lib/jli/libjli.so
7f3193cd6000-7f3193ed6000 ---p 0000e000 08:06 3289984                    /usr/lib/jvm/java-9-oracle/lib/jli/libjli.so
7f3193ed6000-7f3193ed7000 rw-p 0000e000 08:06 3289984                    /usr/lib/jvm/java-9-oracle/lib/jli/libjli.so
7f3193ed7000-7f3193eef000 r-xp 00000000 08:06 1316060                    /lib/x86_64-linux-gnu/libpthread-2.23.so
7f3193eef000-7f31940ee000 ---p 00018000 08:06 1316060                    /lib/x86_64-linux-gnu/libpthread-2.23.so
7f31940ee000-7f31940ef000 r--p 00017000 08:06 1316060                    /lib/x86_64-linux-gnu/libpthread-2.23.so
7f31940ef000-7f31940f0000 rw-p 00018000 08:06 1316060                    /lib/x86_64-linux-gnu/libpthread-2.23.so
7f31940f0000-7f31940f4000 rw-p 00000000 00:00 0 
7f31940f4000-7f319410d000 r-xp 00000000 08:06 1316130                    /lib/x86_64-linux-gnu/libz.so.1.2.8
7f319410d000-7f319430c000 ---p 00019000 08:06 1316130                    /lib/x86_64-linux-gnu/libz.so.1.2.8
7f319430c000-7f319430d000 r--p 00018000 08:06 1316130                    /lib/x86_64-linux-gnu/libz.so.1.2.8
7f319430d000-7f319430e000 rw-p 00019000 08:06 1316130                    /lib/x86_64-linux-gnu/libz.so.1.2.8
7f319430e000-7f3194334000 r-xp 00000000 08:06 1315845                    /lib/x86_64-linux-gnu/ld-2.23.so
7f3194353000-7f3194411000 rw-p 00000000 00:00 0 
7f3194411000-7f3194416000 ---p 00000000 00:00 0 
7f3194416000-7f3194517000 rw-p 00000000 00:00 0 
7f319451c000-7f3194522000 rw-p 00000000 00:00 0 
7f3194522000-7f3194529000 ---p 00000000 00:00 0 
7f3194529000-7f3194531000 rw-s 00000000 08:06 1186626                    /tmp/hsperfdata_josip/31063
7f3194531000-7f3194532000 rw-p 00000000 00:00 0 
7f3194532000-7f3194533000 r--p 00000000 00:00 0 
7f3194533000-7f3194534000 r--p 00025000 08:06 1315845                    /lib/x86_64-linux-gnu/ld-2.23.so
7f3194534000-7f3194535000 rw-p 00026000 08:06 1315845                    /lib/x86_64-linux-gnu/ld-2.23.so
7f3194535000-7f3194536000 rw-p 00000000 00:00 0 
7ffc69b60000-7ffc69b81000 rw-p 00000000 00:00 0                          [stack]
7ffc69bac000-7ffc69baf000 r--p 00000000 00:00 0                          [vvar]
7ffc69baf000-7ffc69bb1000 r-xp 00000000 00:00 0                          [vdso]
ffffffffff600000-ffffffffff601000 r-xp 00000000 00:00 0                  [vsyscall]

VM Arguments:
jvm_args: -Dfile.encoding=UTF-8 
java_command: hr.fer.zemris.java.hw11.jnotepadpp.JNotepadPP
java_class_path (initial): /home/josip/hw-workspace/hw11-0036500578/target/classes
Launcher Type: SUN_STANDARD

Logging:
Log output configuration:
#0: stdout all=warning uptime,level,tags
#1: stderr all=off uptime,level,tags

Environment Variables:
JAVA_HOME=/usr/lib/jvm/java-9-oracle
PATH=/home/josip/bin:/home/josip/.local/bin:/usr/local/sbin:/usr/local/bin:/usr/sbin:/usr/bin:/sbin:/bin:/usr/games:/usr/local/games:/usr/local/apache-maven-3.5.3/bin:/opt/eclipse:/opt/pycharm/bin:/usr/lib/jvm/java-9-oracle/bin:/usr/lib/jvm/java-9-oracle/db/bin
SHELL=/bin/bash
DISPLAY=:0

Signal Handlers:
SIGSEGV: [libjvm.so+0xd4d370], sa_mask[0]=11111111011111111101111111111110, sa_flags=SA_RESTART|SA_SIGINFO
SIGBUS: [libjvm.so+0xd4d370], sa_mask[0]=11111111011111111101111111111110, sa_flags=SA_RESTART|SA_SIGINFO
SIGFPE: [libjvm.so+0xd4d370], sa_mask[0]=11111111011111111101111111111110, sa_flags=SA_RESTART|SA_SIGINFO
SIGPIPE: [libjvm.so+0xb64780], sa_mask[0]=11111111011111111101111111111110, sa_flags=SA_RESTART|SA_SIGINFO
SIGXFSZ: [libjvm.so+0xb64780], sa_mask[0]=11111111011111111101111111111110, sa_flags=SA_RESTART|SA_SIGINFO
SIGILL: [libjvm.so+0xd4d370], sa_mask[0]=11111111011111111101111111111110, sa_flags=SA_RESTART|SA_SIGINFO
SIGUSR2: [libjvm.so+0xb64640], sa_mask[0]=00100000000000000000000000000000, sa_flags=SA_RESTART|SA_SIGINFO
SIGHUP: SIG_DFL, sa_mask[0]=00000000000000000000000000000000, sa_flags=none
SIGINT: SIG_DFL, sa_mask[0]=00000000000000000000000000000000, sa_flags=none
SIGTERM: SIG_DFL, sa_mask[0]=00000000000000000000000000000000, sa_flags=none
SIGQUIT: SIG_DFL, sa_mask[0]=00000000000000000000000000000000, sa_flags=none


---------------  S Y S T E M  ---------------

OS:DISTRIB_ID=LinuxMint
DISTRIB_RELEASE=18.3
DISTRIB_CODENAME=sylvia
DISTRIB_DESCRIPTION="Linux Mint 18.3 Sylvia"
uname:Linux 4.13.0-41-generic #46~16.04.1-Ubuntu SMP Thu May 3 10:06:43 UTC 2018 x86_64
libc:glibc 2.23 NPTL 2.23 
rlimit: STACK 8192k, CORE 0k, NPROC 31022, NOFILE 1048576, AS infinity
load average:2.11 1.74 1.86

/proc/meminfo:
MemTotal:        8066536 kB
MemFree:          123796 kB
MemAvailable:      48368 kB
Buffers:            2572 kB
Cached:           253216 kB
SwapCached:         3484 kB
Active:          6654700 kB
Inactive:         906208 kB
Active(anon):    6626592 kB
Inactive(anon):   868940 kB
Active(file):      28108 kB
Inactive(file):    37268 kB
Unevictable:          32 kB
Mlocked:              32 kB
SwapTotal:       8285180 kB
SwapFree:            500 kB
Dirty:               348 kB
Writeback:             0 kB
AnonPages:       7302428 kB
Mapped:           136936 kB
Shmem:            190232 kB
Slab:             169024 kB
SReclaimable:      55404 kB
SUnreclaim:       113620 kB
KernelStack:       35168 kB
PageTables:        94228 kB
NFS_Unstable:          0 kB
Bounce:                0 kB
WritebackTmp:          0 kB
CommitLimit:    12318448 kB
Committed_AS:   19137164 kB
VmallocTotal:   34359738367 kB
VmallocUsed:           0 kB
VmallocChunk:          0 kB
HardwareCorrupted:     0 kB
AnonHugePages:         0 kB
ShmemHugePages:        0 kB
ShmemPmdMapped:        0 kB
CmaTotal:              0 kB
CmaFree:               0 kB
HugePages_Total:       0
HugePages_Free:        0
HugePages_Rsvd:        0
HugePages_Surp:        0
Hugepagesize:       2048 kB
DirectMap4k:      276712 kB
DirectMap2M:     8009728 kB
DirectMap1G:           0 kB


CPU:total 4 (initial active 4) (2 cores per cpu, 2 threads per core) family 6 model 61 stepping 4, cmov, cx8, fxsr, mmx, sse, sse2, sse3, ssse3, sse4.1, sse4.2, popcnt, avx, avx2, aes, clmul, erms, 3dnowpref, lzcnt, ht, tsc, tscinvbit, bmi1, bmi2, adx, fma
CPU Model and flags from /proc/cpuinfo:
model name	: Intel(R) Core(TM) i5-5200U CPU @ 2.20GHz
flags		: fpu vme de pse tsc msr pae mce cx8 apic sep mtrr pge mca cmov pat pse36 clflush dts acpi mmx fxsr sse sse2 ss ht tm pbe syscall nx pdpe1gb rdtscp lm constant_tsc arch_perfmon pebs bts rep_good nopl xtopology nonstop_tsc cpuid aperfmperf pni pclmulqdq dtes64 monitor ds_cpl vmx est tm2 ssse3 sdbg fma cx16 xtpr pdcm pcid sse4_1 sse4_2 x2apic movbe popcnt aes xsave avx f16c rdrand lahf_lm abm 3dnowprefetch cpuid_fault epb invpcid_single pti retpoline intel_pt tpr_shadow vnmi flexpriority ept vpid fsgsbase tsc_adjust bmi1 avx2 smep bmi2 erms invpcid rdseed adx smap xsaveopt dtherm ida arat pln pts

Memory: 4k page, physical 8066536k(123796k free), swap 8285180k(500k free)

vm_info: Java HotSpot(TM) 64-Bit Server VM (9.0.4+11) for linux-amd64 JRE (9.0.4+11), built on Dec 19 2017 18:12:19 by "mach5one" with gcc 4.9.2

END.
