#
# A fatal error has been detected by the Java Runtime Environment:
#
#  SIGSEGV (0xb) at pc=0x00007f5a3b5ddade, pid=5134, tid=5153
#
# JRE version: Java(TM) SE Runtime Environment (9.0+11) (build 9.0.4+11)
# Java VM: Java HotSpot(TM) 64-Bit Server VM (9.0.4+11, mixed mode, tiered, compressed oops, g1 gc, linux-amd64)
# Problematic frame:
# V  [libjvm.so+0x812ade]  InstanceKlass::allocate_instance(Thread*)+0xae
#
# Core dump will be written. Default location: Core dumps may be processed with "/usr/share/apport/apport %p %s %c %d %P" (or dumping to /home/josip/hw-workspace/hw03-0036500578/core.5134)
#
# If you would like to submit a bug report, please visit:
#   http://bugreport.java.com/bugreport/crash.jsp
#

---------------  S U M M A R Y ------------

Command Line: -agentlib:jdwp=transport=dt_socket,suspend=y,address=localhost:44799 -ea -Dfile.encoding=UTF-8 org.eclipse.jdt.internal.junit.runner.RemoteTestRunner -version 3 -port 41059 -testLoaderClass org.eclipse.jdt.internal.junit4.runner.JUnit4TestLoader -loaderpluginname org.eclipse.jdt.junit4.runtime -classNames hr.fer.zemris.java.hw03.prob2.LexerTest

Host: Intel(R) Core(TM) i5-5200U CPU @ 2.20GHz, 4 cores, 7G, Linux Mint 18.3 Sylvia
Time: Thu Mar 29 04:07:48 2018 CEST elapsed time: 166 seconds (0d 0h 2m 46s)

---------------  T H R E A D  ---------------

Current thread (0x00007f5a34131000):  VMThread "VM Thread" [stack: 0x00007f5a182bc000,0x00007f5a183bc000] [id=5153]

Stack: [0x00007f5a182bc000,0x00007f5a183bc000],  sp=0x00007f5a183ba200,  free space=1016k
Native frames: (J=compiled Java code, A=aot compiled Java code, j=interpreted, Vv=VM code, C=native code)
V  [libjvm.so+0x812ade]  InstanceKlass::allocate_instance(Thread*)+0xae
V  [libjvm.so+0x83ee9d]  java_lang_String::basic_create(int, bool, Thread*)+0x2d
V  [libjvm.so+0x83f125]  java_lang_String::create_from_str(char const*, Thread*)+0x45
V  [libjvm.so+0x70755d]  Exceptions::new_exception(Thread*, Symbol*, char const*, Exceptions::ExceptionMsgToUtf8Mode)+0x10d
V  [libjvm.so+0x7a97b6]  GenerateOopMap::verify_error(char const*, ...)+0x86
V  [libjvm.so+0x7ad32b]  GenerateOopMap::interp1(BytecodeStream*)+0xa8b
V  [libjvm.so+0x7ae2f4]  GenerateOopMap::interp_bb(BasicBlock*)+0x144
V  [libjvm.so+0x7b021f]  GenerateOopMap::do_interpretation()+0x9f
V  [libjvm.so+0x7b05fb]  GenerateOopMap::compute_map(Thread*)+0x26b
V  [libjvm.so+0xb5a587]  OopMapForCacheEntry::compute_map(Thread*)+0x67
V  [libjvm.so+0xb5b1fc]  OopMapCacheEntry::fill(methodHandle, int)+0x12c
V  [libjvm.so+0xb5ba42]  OopMapCache::compute_one_oop_map(methodHandle const&, int, InterpreterOopMap*)+0x102
V  [libjvm.so+0xb5bd56]  OopMapCache::lookup(methodHandle const&, int, InterpreterOopMap*) const+0x216
V  [libjvm.so+0xafb584]  Method::mask_for(int, InterpreterOopMap*)+0x74
V  [libjvm.so+0x9a5a4d]  VM_GetOrSetLocal::doit()+0x4d
V  [libjvm.so+0xd5d4f9]  VM_Operation::evaluate()+0x59
V  [libjvm.so+0xd5b243]  VMThread::evaluate_operation(VM_Operation*)+0xc3
V  [libjvm.so+0xd5b7b0]  VMThread::loop()+0x210
V  [libjvm.so+0xd5bcc2]  VMThread::run()+0x72
V  [libjvm.so+0xb6e132]  thread_native_entry(Thread*)+0xf2


siginfo: si_signo: 11 (SIGSEGV), si_code: 1 (SEGV_MAPERR), si_addr: 0x0000003f0102000c

Register to memory mapping:

RAX=0x0000003f01020018 is an unknown value
RBX=0x0000003f01020000 is an unknown value
RCX=0x0000000000000000 is an unknown value
RDX=0x0000e1bb3fe081c1 is an unknown value
RSP=0x00007f5a183ba200 is an unknown value
RBP=0x00007f5a183ba260 is an unknown value
RSI=0x00007f5a34131000 is an unknown value
RDI=0x00000001000016d0 is pointing into metadata
R8 =0x0000000000000074 is an unknown value
R9 =0x0000000000000074 is an unknown value
R10=0x0000000000000010 is an unknown value
R11=0x00007f5a340cd8c0 is an unknown value
R12=0x00007f5a34131000 is an unknown value
R13=0x0000000000000058 is an unknown value
R14=0x00007f5a3c0fc539: <offset 0x0000000001331539> in /usr/lib/jvm/java-9-oracle/lib/server/libjvm.so at 0x00007f5a3adcb000
R15=0x0000000000000003 is an unknown value


Registers:
RAX=0x0000003f01020018, RBX=0x0000003f01020000, RCX=0x0000000000000000, RDX=0x0000e1bb3fe081c1
RSP=0x00007f5a183ba200, RBP=0x00007f5a183ba260, RSI=0x00007f5a34131000, RDI=0x00000001000016d0
R8 =0x0000000000000074, R9 =0x0000000000000074, R10=0x0000000000000010, R11=0x00007f5a340cd8c0
R12=0x00007f5a34131000, R13=0x0000000000000058, R14=0x00007f5a3c0fc539, R15=0x0000000000000003
RIP=0x00007f5a3b5ddade, EFLAGS=0x0000000000010202, CSGSFS=0x002b000000000033, ERR=0x0000000000000006
  TRAPNO=0x000000000000000e

Top of Stack: (sp=0x00007f5a183ba200)
0x00007f5a183ba200:   0000000000000000 0020003100000003
0x00007f5a183ba210:   00000001000016d0 0000000000000000
0x00007f5a183ba220:   4fffffff00000000 2fffffff00000000
0x00007f5a183ba230:   00007f5affffffff 00007f5a34131000 

Instructions: (pc=0x00007f5a3b5ddade)
0x00007f5a3b5ddabe:   24 08 48 85 c0 0f 85 f7 00 00 00 4c 8d 35 69 ea
0x00007f5a3b5ddace:   b1 00 41 80 3e 00 0f 84 46 01 00 00 49 83 ff 02
0x00007f5a3b5ddade:   c7 43 0c 00 00 00 00 48 8d 7b 10 49 8d 47 fd 74
0x00007f5a3b5ddaee:   0f 48 8d 14 c5 08 00 00 00 31 f6 e8 32 f5 a5 ff 

VM_Operation (0x00007f59e91c5a80): GetOrSetLocal, mode: safepoint, requested by thread 0x00007f5a3420b000


---------------  P R O C E S S  ---------------

Java Threads: ( => current thread )
  0x00007f5a34240800 JavaThread "ReaderThread" [_thread_in_native, id=5173, stack(0x00007f59e8bc1000,0x00007f59e8cc2000)]
  0x00007f5a34210800 JavaThread "Service Thread" daemon [_thread_blocked, id=5171, stack(0x00007f59e8dc3000,0x00007f59e8ec4000)]
  0x00007f59b8001000 JavaThread "JDWP Command Reader" daemon [_thread_in_native, id=5168, stack(0x00007f59e8ec4000,0x00007f59e8fc5000)]
  0x00007f5a3420e800 JavaThread "JDWP Event Helper Thread" daemon [_thread_blocked, id=5167, stack(0x00007f59e8fc5000,0x00007f59e90c6000)]
  0x00007f5a3420b000 JavaThread "JDWP Transport Listener: dt_socket" daemon [_thread_blocked, id=5164, stack(0x00007f59e90c6000,0x00007f59e91c7000)]
  0x00007f5a3417c000 JavaThread "Common-Cleaner" daemon [_thread_blocked, id=5162, stack(0x00007f59e93cb000,0x00007f59e94cc000)]
  0x00007f5a34167000 JavaThread "Sweeper thread" daemon [_thread_blocked, id=5161, stack(0x00007f59e98f4000,0x00007f59e99f5000)]
  0x00007f5a34165000 JavaThread "C1 CompilerThread2" daemon [_thread_blocked, id=5160, stack(0x00007f59e99f5000,0x00007f59e9af6000)]
  0x00007f5a34163000 JavaThread "C2 CompilerThread1" daemon [_thread_blocked, id=5159, stack(0x00007f59e9af6000,0x00007f59e9bf7000)]
  0x00007f5a34161000 JavaThread "C2 CompilerThread0" daemon [_thread_blocked, id=5158, stack(0x00007f59f006e000,0x00007f59f016f000)]
  0x00007f5a3415f000 JavaThread "Signal Dispatcher" daemon [_thread_blocked, id=5156, stack(0x00007f59f016f000,0x00007f59f0270000)]
  0x00007f5a34143800 JavaThread "Finalizer" daemon [_thread_blocked, id=5155, stack(0x00007f5a180b9000,0x00007f5a181ba000)]
  0x00007f5a3413b000 JavaThread "Reference Handler" daemon [_thread_blocked, id=5154, stack(0x00007f5a181ba000,0x00007f5a182bb000)]
  0x00007f5a34013800 JavaThread "main" [_thread_blocked, id=5138, stack(0x00007f5a3ce68000,0x00007f5a3cf68000)]

Other Threads:
=>0x00007f5a34131000 VMThread "VM Thread" [stack: 0x00007f5a182bc000,0x00007f5a183bc000] [id=5153]
  0x00007f5a34213800 WatcherThread [stack: 0x00007f59e8cc3000,0x00007f59e8dc3000] [id=5172]
  0x00007f5a3402a800 GCTaskThread "GC Thread#0" [stack: 0x00007f5a392fa000,0x00007f5a393fa000] [id=5142]
  0x00007f5a3402c000 GCTaskThread "GC Thread#1" [stack: 0x00007f5a391f9000,0x00007f5a392f9000] [id=5143]
  0x00007f5a3402e000 GCTaskThread "GC Thread#2" [stack: 0x00007f5a390f8000,0x00007f5a391f8000] [id=5144]
  0x00007f5a3402f800 GCTaskThread "GC Thread#3" [stack: 0x00007f5a38ff7000,0x00007f5a390f7000] [id=5145]
  0x00007f5a3405e000 ConcurrentGCThread "G1 Main Marker" [stack: 0x00007f5a38214000,0x00007f5a38314000] [id=5151]
  0x00007f5a34060000 ConcurrentGCThread "G1 Marker#0" [stack: 0x00007f5a38113000,0x00007f5a38213000] [id=5152]
  0x00007f5a34037000 ConcurrentGCThread "G1 Refine#0" [stack: 0x00007f5a387ef000,0x00007f5a388ef000] [id=5149]
  0x00007f5a34035000 ConcurrentGCThread "G1 Refine#1" [stack: 0x00007f5a388f0000,0x00007f5a389f0000] [id=5148]
  0x00007f5a34033800 ConcurrentGCThread "G1 Refine#2" [stack: 0x00007f5a389f1000,0x00007f5a38af1000] [id=5147]
  0x00007f5a34031800 ConcurrentGCThread "G1 Refine#3" [stack: 0x00007f5a38af2000,0x00007f5a38bf2000] [id=5146]
  0x00007f5a34038800 ConcurrentGCThread "G1 Young RemSet Sampling" [stack: 0x00007f5a386ee000,0x00007f5a387ee000] [id=5150]

Threads with active compile tasks:

VM state:at safepoint (normal execution)

VM Mutex/Monitor currently owned by a thread:  ([mutex/lock_event])
[0x00007f5a3400f790] Threads_lock - owner thread: 0x00007f5a34131000

Heap address: 0x0000000084e00000, size: 1970 MB, Compressed Oops mode: 32-bit
Narrow klass base: 0x0000000000000000, Narrow klass shift: 3
Compressed class space size: 1073741824 Address: 0x0000000100000000

Heap:
 garbage-first heap   total 126976K, used 5120K [0x0000000084e00000, 0x0000000084f003e0, 0x0000000100000000)
  region size 1024K, 6 young (6144K), 0 survivors (0K)
 Metaspace       used 8139K, capacity 8402K, committed 8576K, reserved 1056768K
  class space    used 757K, capacity 825K, committed 896K, reserved 1048576K
Heap Regions: E=young(eden), S=young(survivor), O=old, HS=humongous(starts), HC=humongous(continues), CS=collection set, F=free, A=archive, TS=gc time stamp, AC=allocation context, TAMS=top-at-mark-start (previous, next)
|   0|0x0000000084e00000, 0x0000000084e00000, 0x0000000084f00000|  0%| F|  |TS  0|AC  0|TAMS 0x0000000084e00000, 0x0000000084e00000|
|   1|0x0000000084f00000, 0x0000000084f00000, 0x0000000085000000|  0%| F|  |TS  0|AC  0|TAMS 0x0000000084f00000, 0x0000000084f00000|
|   2|0x0000000085000000, 0x0000000085000000, 0x0000000085100000|  0%| F|  |TS  0|AC  0|TAMS 0x0000000085000000, 0x0000000085000000|
|   3|0x0000000085100000, 0x0000000085100000, 0x0000000085200000|  0%| F|  |TS  0|AC  0|TAMS 0x0000000085100000, 0x0000000085100000|
|   4|0x0000000085200000, 0x0000000085200000, 0x0000000085300000|  0%| F|  |TS  0|AC  0|TAMS 0x0000000085200000, 0x0000000085200000|
|   5|0x0000000085300000, 0x0000000085300000, 0x0000000085400000|  0%| F|  |TS  0|AC  0|TAMS 0x0000000085300000, 0x0000000085300000|
|   6|0x0000000085400000, 0x0000000085400000, 0x0000000085500000|  0%| F|  |TS  0|AC  0|TAMS 0x0000000085400000, 0x0000000085400000|
|   7|0x0000000085500000, 0x0000000085500000, 0x0000000085600000|  0%| F|  |TS  0|AC  0|TAMS 0x0000000085500000, 0x0000000085500000|
|   8|0x0000000085600000, 0x0000000085600000, 0x0000000085700000|  0%| F|  |TS  0|AC  0|TAMS 0x0000000085600000, 0x0000000085600000|
|   9|0x0000000085700000, 0x0000000085700000, 0x0000000085800000|  0%| F|  |TS  0|AC  0|TAMS 0x0000000085700000, 0x0000000085700000|
|  10|0x0000000085800000, 0x0000000085800000, 0x0000000085900000|  0%| F|  |TS  0|AC  0|TAMS 0x0000000085800000, 0x0000000085800000|
|  11|0x0000000085900000, 0x0000000085900000, 0x0000000085a00000|  0%| F|  |TS  0|AC  0|TAMS 0x0000000085900000, 0x0000000085900000|
|  12|0x0000000085a00000, 0x0000000085a00000, 0x0000000085b00000|  0%| F|  |TS  0|AC  0|TAMS 0x0000000085a00000, 0x0000000085a00000|
|  13|0x0000000085b00000, 0x0000000085b00000, 0x0000000085c00000|  0%| F|  |TS  0|AC  0|TAMS 0x0000000085b00000, 0x0000000085b00000|
|  14|0x0000000085c00000, 0x0000000085c00000, 0x0000000085d00000|  0%| F|  |TS  0|AC  0|TAMS 0x0000000085c00000, 0x0000000085c00000|
|  15|0x0000000085d00000, 0x0000000085d00000, 0x0000000085e00000|  0%| F|  |TS  0|AC  0|TAMS 0x0000000085d00000, 0x0000000085d00000|
|  16|0x0000000085e00000, 0x0000000085e00000, 0x0000000085f00000|  0%| F|  |TS  0|AC  0|TAMS 0x0000000085e00000, 0x0000000085e00000|
|  17|0x0000000085f00000, 0x0000000085f00000, 0x0000000086000000|  0%| F|  |TS  0|AC  0|TAMS 0x0000000085f00000, 0x0000000085f00000|
|  18|0x0000000086000000, 0x0000000086000000, 0x0000000086100000|  0%| F|  |TS  0|AC  0|TAMS 0x0000000086000000, 0x0000000086000000|
|  19|0x0000000086100000, 0x0000000086100000, 0x0000000086200000|  0%| F|  |TS  0|AC  0|TAMS 0x0000000086100000, 0x0000000086100000|
|  20|0x0000000086200000, 0x0000000086200000, 0x0000000086300000|  0%| F|  |TS  0|AC  0|TAMS 0x0000000086200000, 0x0000000086200000|
|  21|0x0000000086300000, 0x0000000086300000, 0x0000000086400000|  0%| F|  |TS  0|AC  0|TAMS 0x0000000086300000, 0x0000000086300000|
|  22|0x0000000086400000, 0x0000000086400000, 0x0000000086500000|  0%| F|  |TS  0|AC  0|TAMS 0x0000000086400000, 0x0000000086400000|
|  23|0x0000000086500000, 0x0000000086500000, 0x0000000086600000|  0%| F|  |TS  0|AC  0|TAMS 0x0000000086500000, 0x0000000086500000|
|  24|0x0000000086600000, 0x0000000086600000, 0x0000000086700000|  0%| F|  |TS  0|AC  0|TAMS 0x0000000086600000, 0x0000000086600000|
|  25|0x0000000086700000, 0x0000000086700000, 0x0000000086800000|  0%| F|  |TS  0|AC  0|TAMS 0x0000000086700000, 0x0000000086700000|
|  26|0x0000000086800000, 0x0000000086800000, 0x0000000086900000|  0%| F|  |TS  0|AC  0|TAMS 0x0000000086800000, 0x0000000086800000|
|  27|0x0000000086900000, 0x0000000086900000, 0x0000000086a00000|  0%| F|  |TS  0|AC  0|TAMS 0x0000000086900000, 0x0000000086900000|
|  28|0x0000000086a00000, 0x0000000086a00000, 0x0000000086b00000|  0%| F|  |TS  0|AC  0|TAMS 0x0000000086a00000, 0x0000000086a00000|
|  29|0x0000000086b00000, 0x0000000086b00000, 0x0000000086c00000|  0%| F|  |TS  0|AC  0|TAMS 0x0000000086b00000, 0x0000000086b00000|
|  30|0x0000000086c00000, 0x0000000086c00000, 0x0000000086d00000|  0%| F|  |TS  0|AC  0|TAMS 0x0000000086c00000, 0x0000000086c00000|
|  31|0x0000000086d00000, 0x0000000086d00000, 0x0000000086e00000|  0%| F|  |TS  0|AC  0|TAMS 0x0000000086d00000, 0x0000000086d00000|
|  32|0x0000000086e00000, 0x0000000086e00000, 0x0000000086f00000|  0%| F|  |TS  0|AC  0|TAMS 0x0000000086e00000, 0x0000000086e00000|
|  33|0x0000000086f00000, 0x0000000086f00000, 0x0000000087000000|  0%| F|  |TS  0|AC  0|TAMS 0x0000000086f00000, 0x0000000086f00000|
|  34|0x0000000087000000, 0x0000000087000000, 0x0000000087100000|  0%| F|  |TS  0|AC  0|TAMS 0x0000000087000000, 0x0000000087000000|
|  35|0x0000000087100000, 0x0000000087100000, 0x0000000087200000|  0%| F|  |TS  0|AC  0|TAMS 0x0000000087100000, 0x0000000087100000|
|  36|0x0000000087200000, 0x0000000087200000, 0x0000000087300000|  0%| F|  |TS  0|AC  0|TAMS 0x0000000087200000, 0x0000000087200000|
|  37|0x0000000087300000, 0x0000000087300000, 0x0000000087400000|  0%| F|  |TS  0|AC  0|TAMS 0x0000000087300000, 0x0000000087300000|
|  38|0x0000000087400000, 0x0000000087400000, 0x0000000087500000|  0%| F|  |TS  0|AC  0|TAMS 0x0000000087400000, 0x0000000087400000|
|  39|0x0000000087500000, 0x0000000087500000, 0x0000000087600000|  0%| F|  |TS  0|AC  0|TAMS 0x0000000087500000, 0x0000000087500000|
|  40|0x0000000087600000, 0x0000000087600000, 0x0000000087700000|  0%| F|  |TS  0|AC  0|TAMS 0x0000000087600000, 0x0000000087600000|
|  41|0x0000000087700000, 0x0000000087700000, 0x0000000087800000|  0%| F|  |TS  0|AC  0|TAMS 0x0000000087700000, 0x0000000087700000|
|  42|0x0000000087800000, 0x0000000087800000, 0x0000000087900000|  0%| F|  |TS  0|AC  0|TAMS 0x0000000087800000, 0x0000000087800000|
|  43|0x0000000087900000, 0x0000000087900000, 0x0000000087a00000|  0%| F|  |TS  0|AC  0|TAMS 0x0000000087900000, 0x0000000087900000|
|  44|0x0000000087a00000, 0x0000000087a00000, 0x0000000087b00000|  0%| F|  |TS  0|AC  0|TAMS 0x0000000087a00000, 0x0000000087a00000|
|  45|0x0000000087b00000, 0x0000000087b00000, 0x0000000087c00000|  0%| F|  |TS  0|AC  0|TAMS 0x0000000087b00000, 0x0000000087b00000|
|  46|0x0000000087c00000, 0x0000000087c00000, 0x0000000087d00000|  0%| F|  |TS  0|AC  0|TAMS 0x0000000087c00000, 0x0000000087c00000|
|  47|0x0000000087d00000, 0x0000000087d00000, 0x0000000087e00000|  0%| F|  |TS  0|AC  0|TAMS 0x0000000087d00000, 0x0000000087d00000|
|  48|0x0000000087e00000, 0x0000000087e00000, 0x0000000087f00000|  0%| F|  |TS  0|AC  0|TAMS 0x0000000087e00000, 0x0000000087e00000|
|  49|0x0000000087f00000, 0x0000000087f00000, 0x0000000088000000|  0%| F|  |TS  0|AC  0|TAMS 0x0000000087f00000, 0x0000000087f00000|
|  50|0x0000000088000000, 0x0000000088000000, 0x0000000088100000|  0%| F|  |TS  0|AC  0|TAMS 0x0000000088000000, 0x0000000088000000|
|  51|0x0000000088100000, 0x0000000088100000, 0x0000000088200000|  0%| F|  |TS  0|AC  0|TAMS 0x0000000088100000, 0x0000000088100000|
|  52|0x0000000088200000, 0x0000000088200000, 0x0000000088300000|  0%| F|  |TS  0|AC  0|TAMS 0x0000000088200000, 0x0000000088200000|
|  53|0x0000000088300000, 0x0000000088300000, 0x0000000088400000|  0%| F|  |TS  0|AC  0|TAMS 0x0000000088300000, 0x0000000088300000|
|  54|0x0000000088400000, 0x0000000088400000, 0x0000000088500000|  0%| F|  |TS  0|AC  0|TAMS 0x0000000088400000, 0x0000000088400000|
|  55|0x0000000088500000, 0x0000000088500000, 0x0000000088600000|  0%| F|  |TS  0|AC  0|TAMS 0x0000000088500000, 0x0000000088500000|
|  56|0x0000000088600000, 0x0000000088600000, 0x0000000088700000|  0%| F|  |TS  0|AC  0|TAMS 0x0000000088600000, 0x0000000088600000|
|  57|0x0000000088700000, 0x0000000088700000, 0x0000000088800000|  0%| F|  |TS  0|AC  0|TAMS 0x0000000088700000, 0x0000000088700000|
|  58|0x0000000088800000, 0x0000000088800000, 0x0000000088900000|  0%| F|  |TS  0|AC  0|TAMS 0x0000000088800000, 0x0000000088800000|
|  59|0x0000000088900000, 0x0000000088900000, 0x0000000088a00000|  0%| F|  |TS  0|AC  0|TAMS 0x0000000088900000, 0x0000000088900000|
|  60|0x0000000088a00000, 0x0000000088a00000, 0x0000000088b00000|  0%| F|  |TS  0|AC  0|TAMS 0x0000000088a00000, 0x0000000088a00000|
|  61|0x0000000088b00000, 0x0000000088b00000, 0x0000000088c00000|  0%| F|  |TS  0|AC  0|TAMS 0x0000000088b00000, 0x0000000088b00000|
|  62|0x0000000088c00000, 0x0000000088c00000, 0x0000000088d00000|  0%| F|  |TS  0|AC  0|TAMS 0x0000000088c00000, 0x0000000088c00000|
|  63|0x0000000088d00000, 0x0000000088d00000, 0x0000000088e00000|  0%| F|  |TS  0|AC  0|TAMS 0x0000000088d00000, 0x0000000088d00000|
|  64|0x0000000088e00000, 0x0000000088e00000, 0x0000000088f00000|  0%| F|  |TS  0|AC  0|TAMS 0x0000000088e00000, 0x0000000088e00000|
|  65|0x0000000088f00000, 0x0000000088f00000, 0x0000000089000000|  0%| F|  |TS  0|AC  0|TAMS 0x0000000088f00000, 0x0000000088f00000|
|  66|0x0000000089000000, 0x0000000089000000, 0x0000000089100000|  0%| F|  |TS  0|AC  0|TAMS 0x0000000089000000, 0x0000000089000000|
|  67|0x0000000089100000, 0x0000000089100000, 0x0000000089200000|  0%| F|  |TS  0|AC  0|TAMS 0x0000000089100000, 0x0000000089100000|
|  68|0x0000000089200000, 0x0000000089200000, 0x0000000089300000|  0%| F|  |TS  0|AC  0|TAMS 0x0000000089200000, 0x0000000089200000|
|  69|0x0000000089300000, 0x0000000089300000, 0x0000000089400000|  0%| F|  |TS  0|AC  0|TAMS 0x0000000089300000, 0x0000000089300000|
|  70|0x0000000089400000, 0x0000000089400000, 0x0000000089500000|  0%| F|  |TS  0|AC  0|TAMS 0x0000000089400000, 0x0000000089400000|
|  71|0x0000000089500000, 0x0000000089500000, 0x0000000089600000|  0%| F|  |TS  0|AC  0|TAMS 0x0000000089500000, 0x0000000089500000|
|  72|0x0000000089600000, 0x0000000089600000, 0x0000000089700000|  0%| F|  |TS  0|AC  0|TAMS 0x0000000089600000, 0x0000000089600000|
|  73|0x0000000089700000, 0x0000000089700000, 0x0000000089800000|  0%| F|  |TS  0|AC  0|TAMS 0x0000000089700000, 0x0000000089700000|
|  74|0x0000000089800000, 0x0000000089800000, 0x0000000089900000|  0%| F|  |TS  0|AC  0|TAMS 0x0000000089800000, 0x0000000089800000|
|  75|0x0000000089900000, 0x0000000089900000, 0x0000000089a00000|  0%| F|  |TS  0|AC  0|TAMS 0x0000000089900000, 0x0000000089900000|
|  76|0x0000000089a00000, 0x0000000089a00000, 0x0000000089b00000|  0%| F|  |TS  0|AC  0|TAMS 0x0000000089a00000, 0x0000000089a00000|
|  77|0x0000000089b00000, 0x0000000089b00000, 0x0000000089c00000|  0%| F|  |TS  0|AC  0|TAMS 0x0000000089b00000, 0x0000000089b00000|
|  78|0x0000000089c00000, 0x0000000089c00000, 0x0000000089d00000|  0%| F|  |TS  0|AC  0|TAMS 0x0000000089c00000, 0x0000000089c00000|
|  79|0x0000000089d00000, 0x0000000089d00000, 0x0000000089e00000|  0%| F|  |TS  0|AC  0|TAMS 0x0000000089d00000, 0x0000000089d00000|
|  80|0x0000000089e00000, 0x0000000089e00000, 0x0000000089f00000|  0%| F|  |TS  0|AC  0|TAMS 0x0000000089e00000, 0x0000000089e00000|
|  81|0x0000000089f00000, 0x0000000089f00000, 0x000000008a000000|  0%| F|  |TS  0|AC  0|TAMS 0x0000000089f00000, 0x0000000089f00000|
|  82|0x000000008a000000, 0x000000008a000000, 0x000000008a100000|  0%| F|  |TS  0|AC  0|TAMS 0x000000008a000000, 0x000000008a000000|
|  83|0x000000008a100000, 0x000000008a100000, 0x000000008a200000|  0%| F|  |TS  0|AC  0|TAMS 0x000000008a100000, 0x000000008a100000|
|  84|0x000000008a200000, 0x000000008a200000, 0x000000008a300000|  0%| F|  |TS  0|AC  0|TAMS 0x000000008a200000, 0x000000008a200000|
|  85|0x000000008a300000, 0x000000008a300000, 0x000000008a400000|  0%| F|  |TS  0|AC  0|TAMS 0x000000008a300000, 0x000000008a300000|
|  86|0x000000008a400000, 0x000000008a400000, 0x000000008a500000|  0%| F|  |TS  0|AC  0|TAMS 0x000000008a400000, 0x000000008a400000|
|  87|0x000000008a500000, 0x000000008a500000, 0x000000008a600000|  0%| F|  |TS  0|AC  0|TAMS 0x000000008a500000, 0x000000008a500000|
|  88|0x000000008a600000, 0x000000008a600000, 0x000000008a700000|  0%| F|  |TS  0|AC  0|TAMS 0x000000008a600000, 0x000000008a600000|
|  89|0x000000008a700000, 0x000000008a700000, 0x000000008a800000|  0%| F|  |TS  0|AC  0|TAMS 0x000000008a700000, 0x000000008a700000|
|  90|0x000000008a800000, 0x000000008a800000, 0x000000008a900000|  0%| F|  |TS  0|AC  0|TAMS 0x000000008a800000, 0x000000008a800000|
|  91|0x000000008a900000, 0x000000008a900000, 0x000000008aa00000|  0%| F|  |TS  0|AC  0|TAMS 0x000000008a900000, 0x000000008a900000|
|  92|0x000000008aa00000, 0x000000008aa00000, 0x000000008ab00000|  0%| F|  |TS  0|AC  0|TAMS 0x000000008aa00000, 0x000000008aa00000|
|  93|0x000000008ab00000, 0x000000008ab00000, 0x000000008ac00000|  0%| F|  |TS  0|AC  0|TAMS 0x000000008ab00000, 0x000000008ab00000|
|  94|0x000000008ac00000, 0x000000008ac00000, 0x000000008ad00000|  0%| F|  |TS  0|AC  0|TAMS 0x000000008ac00000, 0x000000008ac00000|
|  95|0x000000008ad00000, 0x000000008ad00000, 0x000000008ae00000|  0%| F|  |TS  0|AC  0|TAMS 0x000000008ad00000, 0x000000008ad00000|
|  96|0x000000008ae00000, 0x000000008ae00000, 0x000000008af00000|  0%| F|  |TS  0|AC  0|TAMS 0x000000008ae00000, 0x000000008ae00000|
|  97|0x000000008af00000, 0x000000008af00000, 0x000000008b000000|  0%| F|  |TS  0|AC  0|TAMS 0x000000008af00000, 0x000000008af00000|
|  98|0x000000008b000000, 0x000000008b000000, 0x000000008b100000|  0%| F|  |TS  0|AC  0|TAMS 0x000000008b000000, 0x000000008b000000|
|  99|0x000000008b100000, 0x000000008b100000, 0x000000008b200000|  0%| F|  |TS  0|AC  0|TAMS 0x000000008b100000, 0x000000008b100000|
| 100|0x000000008b200000, 0x000000008b200000, 0x000000008b300000|  0%| F|  |TS  0|AC  0|TAMS 0x000000008b200000, 0x000000008b200000|
| 101|0x000000008b300000, 0x000000008b300000, 0x000000008b400000|  0%| F|  |TS  0|AC  0|TAMS 0x000000008b300000, 0x000000008b300000|
| 102|0x000000008b400000, 0x000000008b400000, 0x000000008b500000|  0%| F|  |TS  0|AC  0|TAMS 0x000000008b400000, 0x000000008b400000|
| 103|0x000000008b500000, 0x000000008b500000, 0x000000008b600000|  0%| F|  |TS  0|AC  0|TAMS 0x000000008b500000, 0x000000008b500000|
| 104|0x000000008b600000, 0x000000008b600000, 0x000000008b700000|  0%| F|  |TS  0|AC  0|TAMS 0x000000008b600000, 0x000000008b600000|
| 105|0x000000008b700000, 0x000000008b700000, 0x000000008b800000|  0%| F|  |TS  0|AC  0|TAMS 0x000000008b700000, 0x000000008b700000|
| 106|0x000000008b800000, 0x000000008b800000, 0x000000008b900000|  0%| F|  |TS  0|AC  0|TAMS 0x000000008b800000, 0x000000008b800000|
| 107|0x000000008b900000, 0x000000008b900000, 0x000000008ba00000|  0%| F|  |TS  0|AC  0|TAMS 0x000000008b900000, 0x000000008b900000|
| 108|0x000000008ba00000, 0x000000008ba00000, 0x000000008bb00000|  0%| F|  |TS  0|AC  0|TAMS 0x000000008ba00000, 0x000000008ba00000|
| 109|0x000000008bb00000, 0x000000008bb00000, 0x000000008bc00000|  0%| F|  |TS  0|AC  0|TAMS 0x000000008bb00000, 0x000000008bb00000|
| 110|0x000000008bc00000, 0x000000008bc00000, 0x000000008bd00000|  0%| F|  |TS  0|AC  0|TAMS 0x000000008bc00000, 0x000000008bc00000|
| 111|0x000000008bd00000, 0x000000008bd00000, 0x000000008be00000|  0%| F|  |TS  0|AC  0|TAMS 0x000000008bd00000, 0x000000008bd00000|
| 112|0x000000008be00000, 0x000000008be00000, 0x000000008bf00000|  0%| F|  |TS  0|AC  0|TAMS 0x000000008be00000, 0x000000008be00000|
| 113|0x000000008bf00000, 0x000000008bf00000, 0x000000008c000000|  0%| F|  |TS  0|AC  0|TAMS 0x000000008bf00000, 0x000000008bf00000|
| 114|0x000000008c000000, 0x000000008c000000, 0x000000008c100000|  0%| F|  |TS  0|AC  0|TAMS 0x000000008c000000, 0x000000008c000000|
| 115|0x000000008c100000, 0x000000008c100000, 0x000000008c200000|  0%| F|  |TS  0|AC  0|TAMS 0x000000008c100000, 0x000000008c100000|
| 116|0x000000008c200000, 0x000000008c200000, 0x000000008c300000|  0%| F|  |TS  0|AC  0|TAMS 0x000000008c200000, 0x000000008c200000|
| 117|0x000000008c300000, 0x000000008c300000, 0x000000008c400000|  0%| F|  |TS  0|AC  0|TAMS 0x000000008c300000, 0x000000008c300000|
| 118|0x000000008c400000, 0x000000008c490db0, 0x000000008c500000| 56%| E|  |TS  0|AC  0|TAMS 0x000000008c400000, 0x000000008c400000|
| 119|0x000000008c500000, 0x000000008c600000, 0x000000008c600000|100%| E|CS|TS  0|AC  0|TAMS 0x000000008c500000, 0x000000008c500000|
| 120|0x000000008c600000, 0x000000008c700000, 0x000000008c700000|100%| E|CS|TS  0|AC  0|TAMS 0x000000008c600000, 0x000000008c600000|
| 121|0x000000008c700000, 0x000000008c800000, 0x000000008c800000|100%| E|CS|TS  0|AC  0|TAMS 0x000000008c700000, 0x000000008c700000|
| 122|0x000000008c800000, 0x000000008c900000, 0x000000008c900000|100%| E|CS|TS  0|AC  0|TAMS 0x000000008c800000, 0x000000008c800000|
| 123|0x000000008c900000, 0x000000008ca00000, 0x000000008ca00000|100%| E|CS|TS  0|AC  0|TAMS 0x000000008c900000, 0x000000008c900000|

Card table byte_map: [0x00007f5a19391000,0x00007f5a1976a000] byte_map_base: 0x00007f5a18f6a000

Marking Bits (Prev, Next): (CMBitMap*) 0x00007f5a3405d220, (CMBitMap*) 0x00007f5a3405d258
 Prev Bits: [0x00007f59f2138000, 0x00007f59f4000000)
 Next Bits: [0x00007f59f0270000, 0x00007f59f2138000)

Polling page: 0x00007f5a3cf88000

CodeHeap 'non-profiled nmethods': size=120032Kb used=143Kb max_used=143Kb free=119889Kb
 bounds [0x00007f5a2160b000, 0x00007f5a2187b000, 0x00007f5a28b43000]
CodeHeap 'profiled nmethods': size=120032Kb used=856Kb max_used=856Kb free=119175Kb
 bounds [0x00007f5a1a0d3000, 0x00007f5a1a343000, 0x00007f5a2160b000]
CodeHeap 'non-nmethods': size=5696Kb used=1179Kb max_used=1192Kb free=4516Kb
 bounds [0x00007f5a19b43000, 0x00007f5a19db3000, 0x00007f5a1a0d3000]
 total_blobs=886 nmethods=448 adapters=252
 compilation: enabled

Compilation events (10 events):
Event: 0,921 Thread 0x00007f5a34165000  444       3       java.lang.reflect.ProxyGenerator$ConstantPool$ValueEntry::write (190 bytes)
Event: 0,924 Thread 0x00007f5a34165000 nmethod 444 0x00007f5a1a1a4110 code [0x00007f5a1a1a4580, 0x00007f5a1a1a74e8]
Event: 0,924 Thread 0x00007f5a34165000  436       3       java.util.ArrayList::get (15 bytes)
Event: 0,924 Thread 0x00007f5a34165000 nmethod 436 0x00007f5a1a1a7f90 code [0x00007f5a1a1a81c0, 0x00007f5a1a1a8988]
Event: 0,924 Thread 0x00007f5a34165000  441       3       java.lang.reflect.Executable::<init> (5 bytes)
Event: 0,924 Thread 0x00007f5a34165000 nmethod 441 0x00007f5a1a1a8c90 code [0x00007f5a1a1a8e40, 0x00007f5a1a1a9050]
Event: 0,924 Thread 0x00007f5a34165000  446       1       java.net.URLStreamHandler::getDefaultPort (2 bytes)
Event: 0,924 Thread 0x00007f5a34165000 nmethod 446 0x00007f5a2162e510 code [0x00007f5a2162e6c0, 0x00007f5a2162e7d0]
Event: 0,924 Thread 0x00007f5a34165000  445       1       java.lang.reflect.Method::getDeclaringClass (5 bytes)
Event: 0,924 Thread 0x00007f5a34165000 nmethod 445 0x00007f5a2162e890 code [0x00007f5a2162ea40, 0x00007f5a2162eb50]

GC Heap History (0 events):
No events

Deoptimization events (0 events):
No events

Classes redefined (3 events):
Event: 77,475 Thread 0x00007f5a34131000 redefined class name=hr.fer.zemris.java.hw03.prob2.LexerTest, count=1
Event: 119,194 Thread 0x00007f5a34131000 redefined class name=hr.fer.zemris.java.hw03.prob2.LexerTest, count=2
Event: 166,407 Thread 0x00007f5a34131000 redefined class name=hr.fer.zemris.java.hw03.prob2.LexerTest, count=3

Internal exceptions (6 events):
Event: 0,757 Thread 0x00007f5a34013800 Exception <a 'java/lang/NoSuchMethodError'{0x000000008c6d9ce8}: java.lang.invoke.DirectMethodHandle$Holder.invokeInterface(Ljava/lang/Object;Ljava/lang/Object;Ljava/lang/Object;)I> (0x000000008c6d9ce8) thrown at [/scratch/opt/mach5/mesos/work_dir/slaves/5
Event: 0,767 Thread 0x00007f5a34013800 Exception <a 'java/lang/NoSuchMethodError'{0x000000008c6e62b0}: java.lang.invoke.DirectMethodHandle$Holder.invokeStatic(Ljava/lang/Object;Ljava/lang/Object;)I> (0x000000008c6e62b0) thrown at [/scratch/opt/mach5/mesos/work_dir/slaves/5af44a71-976a-41b7-81d
Event: 0,770 Thread 0x00007f5a34013800 Exception <a 'java/lang/NoSuchMethodError'{0x000000008c6f3368}: java.lang.Object.of([Ljava/lang/Object;)Ljava/util/stream/Stream;> (0x000000008c6f3368) thrown at [/scratch/opt/mach5/mesos/work_dir/slaves/5af44a71-976a-41b7-81de-5773b84ec572-S39643/framewo
Event: 0,833 Thread 0x00007f5a34013800 Exception <a 'java/lang/NoSuchMethodError'{0x000000008c5c7da8}: java.lang.Object.lambda$negate$3(I)Z> (0x000000008c5c7da8) thrown at [/scratch/opt/mach5/mesos/work_dir/slaves/5af44a71-976a-41b7-81de-5773b84ec572-S39643/frameworks/1735e8a2-a1db-478c-8104-6
Event: 0,834 Thread 0x00007f5a34013800 Exception <a 'java/lang/NoSuchMethodError'{0x000000008c5cb628}: java.lang.Object.lambda$union$3(Ljava/util/regex/Pattern$CharPredicate;I)Z> (0x000000008c5cb628) thrown at [/scratch/opt/mach5/mesos/work_dir/slaves/5af44a71-976a-41b7-81de-5773b84ec572-S3964
Event: 0,843 Thread 0x00007f5a34013800 Exception <a 'java/lang/NoSuchMethodError'{0x000000008c5e3e78}: java.lang.Object.lambda$union$2(Ljava/util/regex/Pattern$CharPredicate;I)Z> (0x000000008c5e3e78) thrown at [/scratch/opt/mach5/mesos/work_dir/slaves/5af44a71-976a-41b7-81de-5773b84ec572-S3964

Events (10 events):
Event: 166,416 Executing VM operation: GetFrameLocation done
Event: 166,416 Executing VM operation: EnterInterpOnlyMode
Event: 166,416 Executing VM operation: EnterInterpOnlyMode done
Event: 166,416 Executing VM operation: GetCurrentLocation
Event: 166,416 Executing VM operation: GetCurrentLocation done
Event: 166,416 Executing VM operation: ChangeSingleStep
Event: 166,416 Executing VM operation: ChangeSingleStep done
Event: 166,417 Executing VM operation: GetFrameLocation
Event: 166,417 Executing VM operation: GetFrameLocation done
Event: 166,417 Executing VM operation: GetOrSetLocal


Dynamic libraries:
00400000-00401000 r-xp 00000000 08:06 2506207                            /usr/lib/jvm/java-9-oracle/bin/java
00600000-00601000 rw-p 00000000 08:06 2506207                            /usr/lib/jvm/java-9-oracle/bin/java
01212000-01233000 rw-p 00000000 00:00 0                                  [heap]
84e00000-8ca00000 rw-p 00000000 00:00 0 
8ca00000-100000000 ---p 00000000 00:00 0 
100000000-1000e0000 rw-p 00000000 00:00 0 
1000e0000-140000000 ---p 00000000 00:00 0 
7f59a8000000-7f59a8021000 rw-p 00000000 00:00 0 
7f59a8021000-7f59ac000000 ---p 00000000 00:00 0 
7f59ac000000-7f59ac021000 rw-p 00000000 00:00 0 
7f59ac021000-7f59b0000000 ---p 00000000 00:00 0 
7f59b0000000-7f59b0021000 rw-p 00000000 00:00 0 
7f59b0021000-7f59b4000000 ---p 00000000 00:00 0 
7f59b4000000-7f59b4021000 rw-p 00000000 00:00 0 
7f59b4021000-7f59b8000000 ---p 00000000 00:00 0 
7f59b8000000-7f59b8021000 rw-p 00000000 00:00 0 
7f59b8021000-7f59bc000000 ---p 00000000 00:00 0 
7f59bc000000-7f59bc021000 rw-p 00000000 00:00 0 
7f59bc021000-7f59c0000000 ---p 00000000 00:00 0 
7f59c0000000-7f59c0021000 rw-p 00000000 00:00 0 
7f59c0021000-7f59c4000000 ---p 00000000 00:00 0 
7f59c4000000-7f59c4021000 rw-p 00000000 00:00 0 
7f59c4021000-7f59c8000000 ---p 00000000 00:00 0 
7f59c8000000-7f59c8150000 rw-p 00000000 00:00 0 
7f59c8150000-7f59cc000000 ---p 00000000 00:00 0 
7f59cc000000-7f59cc393000 rw-p 00000000 00:00 0 
7f59cc393000-7f59d0000000 ---p 00000000 00:00 0 
7f59d0000000-7f59d0021000 rw-p 00000000 00:00 0 
7f59d0021000-7f59d4000000 ---p 00000000 00:00 0 
7f59d4000000-7f59d41c3000 rw-p 00000000 00:00 0 
7f59d41c3000-7f59d8000000 ---p 00000000 00:00 0 
7f59d8000000-7f59d8021000 rw-p 00000000 00:00 0 
7f59d8021000-7f59dc000000 ---p 00000000 00:00 0 
7f59dc000000-7f59dc021000 rw-p 00000000 00:00 0 
7f59dc021000-7f59e0000000 ---p 00000000 00:00 0 
7f59e0000000-7f59e0027000 rw-p 00000000 00:00 0 
7f59e0027000-7f59e4000000 ---p 00000000 00:00 0 
7f59e4000000-7f59e4021000 rw-p 00000000 00:00 0 
7f59e4021000-7f59e8000000 ---p 00000000 00:00 0 
7f59e8893000-7f59e8bc1000 rw-p 00000000 00:00 0 
7f59e8bc1000-7f59e8bc5000 ---p 00000000 00:00 0 
7f59e8bc5000-7f59e8cc2000 rw-p 00000000 00:00 0 
7f59e8cc2000-7f59e8cc3000 ---p 00000000 00:00 0 
7f59e8cc3000-7f59e8dc3000 rw-p 00000000 00:00 0 
7f59e8dc3000-7f59e8dc7000 ---p 00000000 00:00 0 
7f59e8dc7000-7f59e8ec4000 rw-p 00000000 00:00 0 
7f59e8ec4000-7f59e8ec8000 ---p 00000000 00:00 0 
7f59e8ec8000-7f59e8fc5000 rw-p 00000000 00:00 0 
7f59e8fc5000-7f59e8fc9000 ---p 00000000 00:00 0 
7f59e8fc9000-7f59e90c6000 rw-p 00000000 00:00 0 
7f59e90c6000-7f59e90ca000 ---p 00000000 00:00 0 
7f59e90ca000-7f59e91c7000 rw-p 00000000 00:00 0 
7f59e91c7000-7f59e91cb000 r-xp 00000000 08:06 2506318                    /usr/lib/jvm/java-9-oracle/lib/libdt_socket.so
7f59e91cb000-7f59e93ca000 ---p 00004000 08:06 2506318                    /usr/lib/jvm/java-9-oracle/lib/libdt_socket.so
7f59e93ca000-7f59e93cb000 rw-p 00003000 08:06 2506318                    /usr/lib/jvm/java-9-oracle/lib/libdt_socket.so
7f59e93cb000-7f59e93cf000 ---p 00000000 00:00 0 
7f59e93cf000-7f59e94cc000 rw-p 00000000 00:00 0 
7f59e94cc000-7f59e94e2000 r-xp 00000000 08:06 2506274                    /usr/lib/jvm/java-9-oracle/lib/libnet.so
7f59e94e2000-7f59e96e2000 ---p 00016000 08:06 2506274                    /usr/lib/jvm/java-9-oracle/lib/libnet.so
7f59e96e2000-7f59e96e3000 rw-p 00016000 08:06 2506274                    /usr/lib/jvm/java-9-oracle/lib/libnet.so
7f59e96e3000-7f59e96f3000 r-xp 00000000 08:06 2506320                    /usr/lib/jvm/java-9-oracle/lib/libnio.so
7f59e96f3000-7f59e98f3000 ---p 00010000 08:06 2506320                    /usr/lib/jvm/java-9-oracle/lib/libnio.so
7f59e98f3000-7f59e98f4000 rw-p 00010000 08:06 2506320                    /usr/lib/jvm/java-9-oracle/lib/libnio.so
7f59e98f4000-7f59e98f8000 ---p 00000000 00:00 0 
7f59e98f8000-7f59e99f5000 rw-p 00000000 00:00 0 
7f59e99f5000-7f59e99f9000 ---p 00000000 00:00 0 
7f59e99f9000-7f59e9af6000 rw-p 00000000 00:00 0 
7f59e9af6000-7f59e9afa000 ---p 00000000 00:00 0 
7f59e9afa000-7f59e9bf7000 rw-p 00000000 00:00 0 
7f59e9bf7000-7f59ea000000 r--p 00000000 08:06 1575818                    /usr/lib/locale/locale-archive
7f59ea000000-7f59ec000000 rwxp 00000000 00:00 0 
7f59ec000000-7f59ec021000 rw-p 00000000 00:00 0 
7f59ec021000-7f59f0000000 ---p 00000000 00:00 0 
7f59f006e000-7f59f0072000 ---p 00000000 00:00 0 
7f59f0072000-7f59f016f000 rw-p 00000000 00:00 0 
7f59f016f000-7f59f0173000 ---p 00000000 00:00 0 
7f59f0173000-7f59f0460000 rw-p 00000000 00:00 0 
7f59f0460000-7f59f2138000 ---p 00000000 00:00 0 
7f59f2138000-7f59f2328000 rw-p 00000000 00:00 0 
7f59f2328000-7f59f4000000 ---p 00000000 00:00 0 
7f59f4000000-7f59f4021000 rw-p 00000000 00:00 0 
7f59f4021000-7f59f8000000 ---p 00000000 00:00 0 
7f59f8000000-7f59f8021000 rw-p 00000000 00:00 0 
7f59f8021000-7f59fc000000 ---p 00000000 00:00 0 
7f59fc000000-7f59fc021000 rw-p 00000000 00:00 0 
7f59fc021000-7f5a00000000 ---p 00000000 00:00 0 
7f5a00000000-7f5a00021000 rw-p 00000000 00:00 0 
7f5a00021000-7f5a04000000 ---p 00000000 00:00 0 
7f5a04000000-7f5a04021000 rw-p 00000000 00:00 0 
7f5a04021000-7f5a08000000 ---p 00000000 00:00 0 
7f5a08000000-7f5a08021000 rw-p 00000000 00:00 0 
7f5a08021000-7f5a0c000000 ---p 00000000 00:00 0 
7f5a0c000000-7f5a0c021000 rw-p 00000000 00:00 0 
7f5a0c021000-7f5a10000000 ---p 00000000 00:00 0 
7f5a10000000-7f5a10021000 rw-p 00000000 00:00 0 
7f5a10021000-7f5a14000000 ---p 00000000 00:00 0 
7f5a14000000-7f5a14021000 rw-p 00000000 00:00 0 
7f5a14021000-7f5a18000000 ---p 00000000 00:00 0 
7f5a18088000-7f5a180b9000 rw-p 00000000 00:00 0 
7f5a180b9000-7f5a180bd000 ---p 00000000 00:00 0 
7f5a180bd000-7f5a181ba000 rw-p 00000000 00:00 0 
7f5a181ba000-7f5a181be000 ---p 00000000 00:00 0 
7f5a181be000-7f5a182bb000 rw-p 00000000 00:00 0 
7f5a182bb000-7f5a182bc000 ---p 00000000 00:00 0 
7f5a182bc000-7f5a18c35000 rw-p 00000000 00:00 0 
7f5a18c35000-7f5a18cb5000 ---p 00000000 00:00 0 
7f5a18cb5000-7f5a18ff6000 rw-p 00000000 00:00 0 
7f5a18ff6000-7f5a19391000 ---p 00000000 00:00 0 
7f5a19391000-7f5a193cf000 rw-p 00000000 00:00 0 
7f5a193cf000-7f5a19b43000 ---p 00000000 00:00 0 
7f5a19b43000-7f5a19db3000 rwxp 00000000 00:00 0 
7f5a19db3000-7f5a1a0d3000 ---p 00000000 00:00 0 
7f5a1a0d3000-7f5a1a343000 rwxp 00000000 00:00 0 
7f5a1a343000-7f5a2160b000 ---p 00000000 00:00 0 
7f5a2160b000-7f5a2187b000 rwxp 00000000 00:00 0 
7f5a2187b000-7f5a28b43000 ---p 00000000 00:00 0 
7f5a28b43000-7f5a34000000 r--s 00000000 08:06 2506301                    /usr/lib/jvm/java-9-oracle/lib/modules
7f5a34000000-7f5a3431b000 rw-p 00000000 00:00 0 
7f5a3431b000-7f5a38000000 ---p 00000000 00:00 0 
7f5a38011000-7f5a38112000 rw-p 00000000 00:00 0 
7f5a38112000-7f5a38113000 ---p 00000000 00:00 0 
7f5a38113000-7f5a38213000 rw-p 00000000 00:00 0 
7f5a38213000-7f5a38214000 ---p 00000000 00:00 0 
7f5a38214000-7f5a38352000 rw-p 00000000 00:00 0 
7f5a38352000-7f5a386ed000 ---p 00000000 00:00 0 
7f5a386ed000-7f5a386ee000 ---p 00000000 00:00 0 
7f5a386ee000-7f5a387ee000 rw-p 00000000 00:00 0 
7f5a387ee000-7f5a387ef000 ---p 00000000 00:00 0 
7f5a387ef000-7f5a388ef000 rw-p 00000000 00:00 0 
7f5a388ef000-7f5a388f0000 ---p 00000000 00:00 0 
7f5a388f0000-7f5a389f0000 rw-p 00000000 00:00 0 
7f5a389f0000-7f5a389f1000 ---p 00000000 00:00 0 
7f5a389f1000-7f5a38af1000 rw-p 00000000 00:00 0 
7f5a38af1000-7f5a38af2000 ---p 00000000 00:00 0 
7f5a38af2000-7f5a38ff6000 rw-p 00000000 00:00 0 
7f5a38ff6000-7f5a38ff7000 ---p 00000000 00:00 0 
7f5a38ff7000-7f5a390f7000 rw-p 00000000 00:00 0 
7f5a390f7000-7f5a390f8000 ---p 00000000 00:00 0 
7f5a390f8000-7f5a391f8000 rw-p 00000000 00:00 0 
7f5a391f8000-7f5a391f9000 ---p 00000000 00:00 0 
7f5a391f9000-7f5a392f9000 rw-p 00000000 00:00 0 
7f5a392f9000-7f5a392fa000 ---p 00000000 00:00 0 
7f5a392fa000-7f5a393ff000 rw-p 00000000 00:00 0 
7f5a393ff000-7f5a394e5000 ---p 00000000 00:00 0 
7f5a394e5000-7f5a394ea000 rw-p 00000000 00:00 0 
7f5a394ea000-7f5a395d0000 ---p 00000000 00:00 0 
7f5a395d0000-7f5a395ea000 r-xp 00000000 08:06 2506250                    /usr/lib/jvm/java-9-oracle/lib/libjimage.so
7f5a395ea000-7f5a397e9000 ---p 0001a000 08:06 2506250                    /usr/lib/jvm/java-9-oracle/lib/libjimage.so
7f5a397e9000-7f5a397eb000 rw-p 00019000 08:06 2506250                    /usr/lib/jvm/java-9-oracle/lib/libjimage.so
7f5a397eb000-7f5a397fd000 rw-p 00000000 00:00 0 
7f5a397fd000-7f5a39804000 r-xp 00000000 08:06 2506328                    /usr/lib/jvm/java-9-oracle/lib/libzip.so
7f5a39804000-7f5a39a03000 ---p 00007000 08:06 2506328                    /usr/lib/jvm/java-9-oracle/lib/libzip.so
7f5a39a03000-7f5a39a04000 rw-p 00006000 08:06 2506328                    /usr/lib/jvm/java-9-oracle/lib/libzip.so
7f5a39a04000-7f5a39a0f000 r-xp 00000000 08:06 1316252                    /lib/x86_64-linux-gnu/libnss_files-2.23.so
7f5a39a0f000-7f5a39c0e000 ---p 0000b000 08:06 1316252                    /lib/x86_64-linux-gnu/libnss_files-2.23.so
7f5a39c0e000-7f5a39c0f000 r--p 0000a000 08:06 1316252                    /lib/x86_64-linux-gnu/libnss_files-2.23.so
7f5a39c0f000-7f5a39c10000 rw-p 0000b000 08:06 1316252                    /lib/x86_64-linux-gnu/libnss_files-2.23.so
7f5a39c10000-7f5a39c16000 rw-p 00000000 00:00 0 
7f5a39c16000-7f5a39c21000 r-xp 00000000 08:06 1316256                    /lib/x86_64-linux-gnu/libnss_nis-2.23.so
7f5a39c21000-7f5a39e20000 ---p 0000b000 08:06 1316256                    /lib/x86_64-linux-gnu/libnss_nis-2.23.so
7f5a39e20000-7f5a39e21000 r--p 0000a000 08:06 1316256                    /lib/x86_64-linux-gnu/libnss_nis-2.23.so
7f5a39e21000-7f5a39e22000 rw-p 0000b000 08:06 1316256                    /lib/x86_64-linux-gnu/libnss_nis-2.23.so
7f5a39e22000-7f5a39e38000 r-xp 00000000 08:06 1310746                    /lib/x86_64-linux-gnu/libnsl-2.23.so
7f5a39e38000-7f5a3a037000 ---p 00016000 08:06 1310746                    /lib/x86_64-linux-gnu/libnsl-2.23.so
7f5a3a037000-7f5a3a038000 r--p 00015000 08:06 1310746                    /lib/x86_64-linux-gnu/libnsl-2.23.so
7f5a3a038000-7f5a3a039000 rw-p 00016000 08:06 1310746                    /lib/x86_64-linux-gnu/libnsl-2.23.so
7f5a3a039000-7f5a3a03b000 rw-p 00000000 00:00 0 
7f5a3a03b000-7f5a3a043000 r-xp 00000000 08:06 1316247                    /lib/x86_64-linux-gnu/libnss_compat-2.23.so
7f5a3a043000-7f5a3a242000 ---p 00008000 08:06 1316247                    /lib/x86_64-linux-gnu/libnss_compat-2.23.so
7f5a3a242000-7f5a3a243000 r--p 00007000 08:06 1316247                    /lib/x86_64-linux-gnu/libnss_compat-2.23.so
7f5a3a243000-7f5a3a244000 rw-p 00008000 08:06 1316247                    /lib/x86_64-linux-gnu/libnss_compat-2.23.so
7f5a3a244000-7f5a3a27f000 r-xp 00000000 08:06 2506312                    /usr/lib/jvm/java-9-oracle/lib/libjdwp.so
7f5a3a27f000-7f5a3a47e000 ---p 0003b000 08:06 2506312                    /usr/lib/jvm/java-9-oracle/lib/libjdwp.so
7f5a3a47e000-7f5a3a47f000 rw-p 0003a000 08:06 2506312                    /usr/lib/jvm/java-9-oracle/lib/libjdwp.so
7f5a3a47f000-7f5a3a480000 rw-p 00000000 00:00 0 
7f5a3a480000-7f5a3a4ab000 r-xp 00000000 08:06 2506267                    /usr/lib/jvm/java-9-oracle/lib/libjava.so
7f5a3a4ab000-7f5a3a6aa000 ---p 0002b000 08:06 2506267                    /usr/lib/jvm/java-9-oracle/lib/libjava.so
7f5a3a6aa000-7f5a3a6ac000 rw-p 0002a000 08:06 2506267                    /usr/lib/jvm/java-9-oracle/lib/libjava.so
7f5a3a6ac000-7f5a3a6b9000 r-xp 00000000 08:06 2506286                    /usr/lib/jvm/java-9-oracle/lib/libverify.so
7f5a3a6b9000-7f5a3a8b8000 ---p 0000d000 08:06 2506286                    /usr/lib/jvm/java-9-oracle/lib/libverify.so
7f5a3a8b8000-7f5a3a8ba000 rw-p 0000c000 08:06 2506286                    /usr/lib/jvm/java-9-oracle/lib/libverify.so
7f5a3a8ba000-7f5a3a8c1000 r-xp 00000000 08:06 1316257                    /lib/x86_64-linux-gnu/librt-2.23.so
7f5a3a8c1000-7f5a3aac0000 ---p 00007000 08:06 1316257                    /lib/x86_64-linux-gnu/librt-2.23.so
7f5a3aac0000-7f5a3aac1000 r--p 00006000 08:06 1316257                    /lib/x86_64-linux-gnu/librt-2.23.so
7f5a3aac1000-7f5a3aac2000 rw-p 00007000 08:06 1316257                    /lib/x86_64-linux-gnu/librt-2.23.so
7f5a3aac2000-7f5a3abca000 r-xp 00000000 08:06 1310735                    /lib/x86_64-linux-gnu/libm-2.23.so
7f5a3abca000-7f5a3adc9000 ---p 00108000 08:06 1310735                    /lib/x86_64-linux-gnu/libm-2.23.so
7f5a3adc9000-7f5a3adca000 r--p 00107000 08:06 1310735                    /lib/x86_64-linux-gnu/libm-2.23.so
7f5a3adca000-7f5a3adcb000 rw-p 00108000 08:06 1310735                    /lib/x86_64-linux-gnu/libm-2.23.so
7f5a3adcb000-7f5a3bde0000 r-xp 00000000 08:06 3034158                    /usr/lib/jvm/java-9-oracle/lib/server/libjvm.so
7f5a3bde0000-7f5a3bfdf000 ---p 01015000 08:06 3034158                    /usr/lib/jvm/java-9-oracle/lib/server/libjvm.so
7f5a3bfdf000-7f5a3c0b0000 r--p 01014000 08:06 3034158                    /usr/lib/jvm/java-9-oracle/lib/server/libjvm.so
7f5a3c0b0000-7f5a3c0e7000 rw-p 010e5000 08:06 3034158                    /usr/lib/jvm/java-9-oracle/lib/server/libjvm.so
7f5a3c0e7000-7f5a3c150000 rw-p 00000000 00:00 0 
7f5a3c150000-7f5a3c310000 r-xp 00000000 08:06 1316061                    /lib/x86_64-linux-gnu/libc-2.23.so
7f5a3c310000-7f5a3c510000 ---p 001c0000 08:06 1316061                    /lib/x86_64-linux-gnu/libc-2.23.so
7f5a3c510000-7f5a3c514000 r--p 001c0000 08:06 1316061                    /lib/x86_64-linux-gnu/libc-2.23.so
7f5a3c514000-7f5a3c516000 rw-p 001c4000 08:06 1316061                    /lib/x86_64-linux-gnu/libc-2.23.so
7f5a3c516000-7f5a3c51a000 rw-p 00000000 00:00 0 
7f5a3c51a000-7f5a3c51d000 r-xp 00000000 08:06 1316241                    /lib/x86_64-linux-gnu/libdl-2.23.so
7f5a3c51d000-7f5a3c71c000 ---p 00003000 08:06 1316241                    /lib/x86_64-linux-gnu/libdl-2.23.so
7f5a3c71c000-7f5a3c71d000 r--p 00002000 08:06 1316241                    /lib/x86_64-linux-gnu/libdl-2.23.so
7f5a3c71d000-7f5a3c71e000 rw-p 00003000 08:06 1316241                    /lib/x86_64-linux-gnu/libdl-2.23.so
7f5a3c71e000-7f5a3c72c000 r-xp 00000000 08:06 3289984                    /usr/lib/jvm/java-9-oracle/lib/jli/libjli.so
7f5a3c72c000-7f5a3c92c000 ---p 0000e000 08:06 3289984                    /usr/lib/jvm/java-9-oracle/lib/jli/libjli.so
7f5a3c92c000-7f5a3c92d000 rw-p 0000e000 08:06 3289984                    /usr/lib/jvm/java-9-oracle/lib/jli/libjli.so
7f5a3c92d000-7f5a3c945000 r-xp 00000000 08:06 1316060                    /lib/x86_64-linux-gnu/libpthread-2.23.so
7f5a3c945000-7f5a3cb44000 ---p 00018000 08:06 1316060                    /lib/x86_64-linux-gnu/libpthread-2.23.so
7f5a3cb44000-7f5a3cb45000 r--p 00017000 08:06 1316060                    /lib/x86_64-linux-gnu/libpthread-2.23.so
7f5a3cb45000-7f5a3cb46000 rw-p 00018000 08:06 1316060                    /lib/x86_64-linux-gnu/libpthread-2.23.so
7f5a3cb46000-7f5a3cb4a000 rw-p 00000000 00:00 0 
7f5a3cb4a000-7f5a3cb63000 r-xp 00000000 08:06 1316130                    /lib/x86_64-linux-gnu/libz.so.1.2.8
7f5a3cb63000-7f5a3cd62000 ---p 00019000 08:06 1316130                    /lib/x86_64-linux-gnu/libz.so.1.2.8
7f5a3cd62000-7f5a3cd63000 r--p 00018000 08:06 1316130                    /lib/x86_64-linux-gnu/libz.so.1.2.8
7f5a3cd63000-7f5a3cd64000 rw-p 00019000 08:06 1316130                    /lib/x86_64-linux-gnu/libz.so.1.2.8
7f5a3cd64000-7f5a3cd8a000 r-xp 00000000 08:06 1315845                    /lib/x86_64-linux-gnu/ld-2.23.so
7f5a3cda2000-7f5a3cda9000 r--s 00000000 08:06 1969347                    /usr/lib/x86_64-linux-gnu/gconv/gconv-modules.cache
7f5a3cda9000-7f5a3ce67000 rw-p 00000000 00:00 0 
7f5a3ce67000-7f5a3ce6c000 ---p 00000000 00:00 0 
7f5a3ce6c000-7f5a3cf6d000 rw-p 00000000 00:00 0 
7f5a3cf72000-7f5a3cf78000 rw-p 00000000 00:00 0 
7f5a3cf78000-7f5a3cf7f000 ---p 00000000 00:00 0 
7f5a3cf7f000-7f5a3cf87000 rw-s 00000000 08:06 1179954                    /tmp/hsperfdata_josip/5134
7f5a3cf87000-7f5a3cf88000 rw-p 00000000 00:00 0 
7f5a3cf88000-7f5a3cf89000 ---p 00000000 00:00 0 
7f5a3cf89000-7f5a3cf8a000 r--p 00025000 08:06 1315845                    /lib/x86_64-linux-gnu/ld-2.23.so
7f5a3cf8a000-7f5a3cf8b000 rw-p 00026000 08:06 1315845                    /lib/x86_64-linux-gnu/ld-2.23.so
7f5a3cf8b000-7f5a3cf8c000 rw-p 00000000 00:00 0 
7fff6bdf4000-7fff6be16000 rw-p 00000000 00:00 0                          [stack]
7fff6bf94000-7fff6bf97000 r--p 00000000 00:00 0                          [vvar]
7fff6bf97000-7fff6bf99000 r-xp 00000000 00:00 0                          [vdso]
ffffffffff600000-ffffffffff601000 r-xp 00000000 00:00 0                  [vsyscall]

VM Arguments:
jvm_args: -agentlib:jdwp=transport=dt_socket,suspend=y,address=localhost:44799 -ea -Dfile.encoding=UTF-8 
java_command: org.eclipse.jdt.internal.junit.runner.RemoteTestRunner -version 3 -port 41059 -testLoaderClass org.eclipse.jdt.internal.junit4.runner.JUnit4TestLoader -loaderpluginname org.eclipse.jdt.junit4.runtime -classNames hr.fer.zemris.java.hw03.prob2.LexerTest
java_class_path (initial): /home/josip/hw-workspace/hw03-0036500578/target/test-classes:/home/josip/hw-workspace/hw03-0036500578/target/classes:/home/josip/.m2/repository/junit/junit/4.12/junit-4.12.jar:/home/josip/.m2/repository/org/hamcrest/hamcrest-core/1.3/hamcrest-core-1.3.jar:/opt/eclipse/configuration/org.eclipse.osgi/408/0/.cp:/opt/eclipse/configuration/org.eclipse.osgi/407/0/.cp
Launcher Type: SUN_STANDARD

Logging:
Log output configuration:
#0: stdout all=warning uptime,level,tags
#1: stderr all=off uptime,level,tags

Environment Variables:
JAVA_HOME=/usr/lib/jvm/java-9-oracle
PATH=/home/josip/bin:/home/josip/.local/bin:/usr/local/sbin:/usr/local/bin:/usr/sbin:/usr/bin:/sbin:/bin:/usr/games:/usr/local/games:/usr/local/apache-maven-3.5.3/bin:/opt/eclipse:/usr/lib/jvm/java-9-oracle/bin:/usr/lib/jvm/java-9-oracle/db/bin
SHELL=/bin/bash
DISPLAY=:0

Signal Handlers:
SIGSEGV: [libjvm.so+0xd4d370], sa_mask[0]=11111111011111111101111111111110, sa_flags=SA_RESTART|SA_SIGINFO
SIGBUS: [libjvm.so+0xd4d370], sa_mask[0]=11111111011111111101111111111110, sa_flags=SA_RESTART|SA_SIGINFO
SIGFPE: [libjvm.so+0xd4d370], sa_mask[0]=11111111011111111101111111111110, sa_flags=SA_RESTART|SA_SIGINFO
SIGPIPE: [libjvm.so+0xb64780], sa_mask[0]=11111111011111111101111111111110, sa_flags=SA_RESTART|SA_SIGINFO
SIGXFSZ: [libjvm.so+0xb64780], sa_mask[0]=11111111011111111101111111111110, sa_flags=SA_RESTART|SA_SIGINFO
SIGILL: [libjvm.so+0xd4d370], sa_mask[0]=11111111011111111101111111111110, sa_flags=SA_RESTART|SA_SIGINFO
SIGUSR2: [libjvm.so+0xb64640], sa_mask[0]=00100000000000000000000000000000, sa_flags=SA_RESTART|SA_SIGINFO
SIGHUP: [libjvm.so+0xb64850], sa_mask[0]=11111111011111111101111111111110, sa_flags=SA_RESTART|SA_SIGINFO
SIGINT: [libjvm.so+0xb64850], sa_mask[0]=11111111011111111101111111111110, sa_flags=SA_RESTART|SA_SIGINFO
SIGTERM: [libjvm.so+0xb64850], sa_mask[0]=11111111011111111101111111111110, sa_flags=SA_RESTART|SA_SIGINFO
SIGQUIT: [libjvm.so+0xb64850], sa_mask[0]=11111111011111111101111111111110, sa_flags=SA_RESTART|SA_SIGINFO


---------------  S Y S T E M  ---------------

OS:DISTRIB_ID=LinuxMint
DISTRIB_RELEASE=18.3
DISTRIB_CODENAME=sylvia
DISTRIB_DESCRIPTION="Linux Mint 18.3 Sylvia"
uname:Linux 4.13.0-37-generic #42~16.04.1-Ubuntu SMP Wed Mar 7 16:03:28 UTC 2018 x86_64
libc:glibc 2.23 NPTL 2.23 
rlimit: STACK 8192k, CORE 0k, NPROC 31024, NOFILE 1048576, AS infinity
load average:0,98 1,18 1,14

/proc/meminfo:
MemTotal:        8066532 kB
MemFree:         3492832 kB
MemAvailable:    4262060 kB
Buffers:           72396 kB
Cached:          1221776 kB
SwapCached:       117724 kB
Active:          3629976 kB
Inactive:         720332 kB
Active(anon):    2994216 kB
Inactive(anon):   391276 kB
Active(file):     635760 kB
Inactive(file):   329056 kB
Unevictable:          32 kB
Mlocked:              32 kB
SwapTotal:       8285180 kB
SwapFree:        7207824 kB
Dirty:                36 kB
Writeback:             0 kB
AnonPages:       3045732 kB
Mapped:           375288 kB
Shmem:            329356 kB
Slab:             101464 kB
SReclaimable:      49632 kB
SUnreclaim:        51832 kB
KernelStack:       12672 kB
PageTables:        49760 kB
NFS_Unstable:          0 kB
Bounce:                0 kB
WritebackTmp:          0 kB
CommitLimit:    12318444 kB
Committed_AS:    8967808 kB
VmallocTotal:   34359738367 kB
VmallocUsed:           0 kB
VmallocChunk:          0 kB
HardwareCorrupted:     0 kB
AnonHugePages:         0 kB
ShmemHugePages:        0 kB
ShmemPmdMapped:        0 kB
CmaTotal:              0 kB
CmaFree:               0 kB
HugePages_Total:       0
HugePages_Free:        0
HugePages_Rsvd:        0
HugePages_Surp:        0
Hugepagesize:       2048 kB
DirectMap4k:      182504 kB
DirectMap2M:     6006784 kB
DirectMap1G:     2097152 kB


CPU:total 4 (initial active 4) (2 cores per cpu, 2 threads per core) family 6 model 61 stepping 4, cmov, cx8, fxsr, mmx, sse, sse2, sse3, ssse3, sse4.1, sse4.2, popcnt, avx, avx2, aes, clmul, erms, 3dnowpref, lzcnt, ht, tsc, tscinvbit, bmi1, bmi2, adx, fma
CPU Model and flags from /proc/cpuinfo:
model name	: Intel(R) Core(TM) i5-5200U CPU @ 2.20GHz
flags		: fpu vme de pse tsc msr pae mce cx8 apic sep mtrr pge mca cmov pat pse36 clflush dts acpi mmx fxsr sse sse2 ss ht tm pbe syscall nx pdpe1gb rdtscp lm constant_tsc arch_perfmon pebs bts rep_good nopl xtopology nonstop_tsc cpuid aperfmperf pni pclmulqdq dtes64 monitor ds_cpl vmx est tm2 ssse3 sdbg fma cx16 xtpr pdcm pcid sse4_1 sse4_2 x2apic movbe popcnt aes xsave avx f16c rdrand lahf_lm abm 3dnowprefetch cpuid_fault epb invpcid_single pti retpoline intel_pt tpr_shadow vnmi flexpriority ept vpid fsgsbase tsc_adjust bmi1 avx2 smep bmi2 erms invpcid rdseed adx smap xsaveopt dtherm ida arat pln pts

Memory: 4k page, physical 8066532k(3492832k free), swap 8285180k(7207824k free)

vm_info: Java HotSpot(TM) 64-Bit Server VM (9.0.4+11) for linux-amd64 JRE (9.0.4+11), built on Dec 19 2017 18:12:19 by "mach5one" with gcc 4.9.2

END.
